<?xml version="1.0" encoding="UTF-8"?>
<!-- Generated by org.testng.reporters.JUnitXMLReporter -->
<testsuite ignored="0" hostname="IN-PG02NJP8" failures="6" tests="6" name="Surefire test" time="40.315" errors="0" timestamp="22 Mar 2022 14:08:30 GMT">
  <testcase classname="io.cucumber.testng.AbstractTestNGCucumberTests" name="runScenario" time="5.001">
    <failure type="java.lang.NullPointerException">
      <![CDATA[java.lang.NullPointerException
	at com.google.common.base.Preconditions.checkNotNull(Preconditions.java:882)
	at io.appium.java_client.TouchAction.<init>(TouchAction.java:52)
	at io.appium.java_client.android.AndroidTouchAction.<init>(AndroidTouchAction.java:26)
	at pages.HideShowAnimationPage.<init>(HideShowAnimationPage.java:18)
	at stepdefinition.AnimationHideStep.i_click_on_animation_button_for_hide_operation(AnimationHideStep.java:23)
	at ✽.I click on animation button for hide operation(file:///D:/ANKIT/eclipse-workspace/Exit_Test/./src/test/java/features/animation_hide.feature:6)
]]>
    </failure>
  </testcase> <!-- runScenario -->
  <testcase classname="io.cucumber.testng.AbstractTestNGCucumberTests" name="runScenario" time="9.169">
    <failure type="java.lang.NullPointerException">
      <![CDATA[java.lang.NullPointerException
	at com.google.common.base.Preconditions.checkNotNull(Preconditions.java:882)
	at io.appium.java_client.TouchAction.<init>(TouchAction.java:52)
	at io.appium.java_client.android.AndroidTouchAction.<init>(AndroidTouchAction.java:26)
	at pages.HideShowAnimationPage.<init>(HideShowAnimationPage.java:18)
	at stepdefinition.AnimationShowStep.at_first_I_perform_all_hide_operations(AnimationShowStep.java:23)
	at ✽.At first I perform all hide operations(file:///D:/ANKIT/eclipse-workspace/Exit_Test/./src/test/java/features/animation_show.feature:6)
]]>
    </failure>
  </testcase> <!-- runScenario -->
  <testcase classname="io.cucumber.testng.AbstractTestNGCucumberTests" name="runScenario" time="2.712">
    <failure type="java.lang.NullPointerException">
      <![CDATA[java.lang.NullPointerException
	at com.google.common.base.Preconditions.checkNotNull(Preconditions.java:882)
	at io.appium.java_client.TouchAction.<init>(TouchAction.java:52)
	at io.appium.java_client.android.AndroidTouchAction.<init>(AndroidTouchAction.java:26)
	at pages.CloningPage.<init>(CloningPage.java:18)
	at stepdefinition.CloningStep.i_click_on_animation_button_for_cloning_operation(CloningStep.java:23)
	at ✽.I click on animation button for cloning operation(file:///D:/ANKIT/eclipse-workspace/Exit_Test/./src/test/java/features/cloning.feature:6)
]]>
    </failure>
  </testcase> <!-- runScenario -->
  <testcase classname="io.cucumber.testng.AbstractTestNGCucumberTests" name="runScenario" time="8.8">
    <failure type="java.lang.NullPointerException">
      <![CDATA[java.lang.NullPointerException
	at com.google.common.base.Preconditions.checkNotNull(Preconditions.java:882)
	at io.appium.java_client.TouchAction.<init>(TouchAction.java:52)
	at io.appium.java_client.android.AndroidTouchAction.<init>(AndroidTouchAction.java:26)
	at pages.CustomPage.<init>(CustomPage.java:17)
	at stepdefinition.CustomStep.i_click_on_animation_button_for_custom_operation(CustomStep.java:23)
	at ✽.I click on animation button for custom operation(file:///D:/ANKIT/eclipse-workspace/Exit_Test/./src/test/java/features/custom_evaluator.feature:6)
]]>
    </failure>
  </testcase> <!-- runScenario -->
  <testcase classname="io.cucumber.testng.AbstractTestNGCucumberTests" name="runScenario" time="2.569">
    <failure type="java.lang.NullPointerException">
      <![CDATA[java.lang.NullPointerException
	at com.google.common.base.Preconditions.checkNotNull(Preconditions.java:882)
	at io.appium.java_client.TouchAction.<init>(TouchAction.java:52)
	at io.appium.java_client.android.AndroidTouchAction.<init>(AndroidTouchAction.java:26)
	at pages.LoadingPage.<init>(LoadingPage.java:17)
	at stepdefinition.LoadingStep.i_click_on_animation_button_for_loading_operation(LoadingStep.java:23)
	at ✽.I click on animation button for loading operation(file:///D:/ANKIT/eclipse-workspace/Exit_Test/./src/test/java/features/loading.feature:6)
]]>
    </failure>
  </testcase> <!-- runScenario -->
  <testcase classname="io.cucumber.testng.AbstractTestNGCucumberTests" name="runScenario" time="9.753">
    <failure type="java.lang.NullPointerException">
      <![CDATA[java.lang.NullPointerException
	at com.google.common.base.Preconditions.checkNotNull(Preconditions.java:882)
	at io.appium.java_client.TouchAction.<init>(TouchAction.java:52)
	at io.appium.java_client.android.AndroidTouchAction.<init>(AndroidTouchAction.java:26)
	at pages.MultiplePropertiesPage.<init>(MultiplePropertiesPage.java:17)
	at stepdefinition.MultiplePropertiesStep.i_click_on_animation_button_for_multiple_operation(MultiplePropertiesStep.java:24)
	at ✽.I click on animation button for multiple operation(file:///D:/ANKIT/eclipse-workspace/Exit_Test/./src/test/java/features/multiple_properties.feature:6)
]]>
    </failure>
  </testcase> <!-- runScenario -->
</testsuite> <!-- Surefire test -->
