-------------------------------------------------------------------------------
Test set: Runner.TestRunner
-------------------------------------------------------------------------------
Tests run: 1, Failures: 1, Errors: 0, Skipped: 0, Time elapsed: 22.553 s <<< FAILURE! - in Runner.TestRunner
runScenario(Runner.TestRunner)  Time elapsed: 21.044 s  <<< FAILURE!
java.lang.AssertionError: expected [true] but found [false]

