<?xml version="1.0" encoding="UTF-8"?>
<testng-results ignored="0" total="6" passed="0" failed="6" skipped="0">
  <reporter-output>
  </reporter-output>
  <suite started-at="2022-03-22T14:07:50Z" name="Surefire suite" finished-at="2022-03-22T14:08:30Z" duration-ms="40315">
    <groups>
      <group name="cucumber">
        <method signature="AbstractTestNGCucumberTests.runScenario(io.cucumber.testng.PickleWrapper, io.cucumber.testng.FeatureWrapper)[pri:0, instance:Runner.TestRunner@5c33f1a9]" name="runScenario" class="io.cucumber.testng.AbstractTestNGCucumberTests"/>
      </group> <!-- cucumber -->
    </groups>
    <test started-at="2022-03-22T14:07:50Z" name="Surefire test" finished-at="2022-03-22T14:08:30Z" duration-ms="40315">
      <class name="Runner.TestRunner">
        <test-method is-config="true" signature="setUpClass()[pri:0, instance:Runner.TestRunner@5c33f1a9]" started-at="2022-03-22T19:37:50Z" name="setUpClass" finished-at="2022-03-22T19:37:51Z" duration-ms="1263" status="PASS">
          <reporter-output>
          </reporter-output>
        </test-method> <!-- setUpClass -->
        <test-method signature="runScenario(io.cucumber.testng.PickleWrapper, io.cucumber.testng.FeatureWrapper)[pri:0, instance:Runner.TestRunner@5c33f1a9]" started-at="2022-03-22T19:37:51Z" name="runScenario" description="Runs Cucumber Scenarios" data-provider="scenarios" finished-at="2022-03-22T19:37:56Z" duration-ms="5001" status="FAIL">
          <params>
            <param index="0">
              <value>
                <![CDATA["User performs hide opertion of numbers"]]>
              </value>
            </param>
            <param index="1">
              <value>
                <![CDATA["Optional[hide operation of animation button]"]]>
              </value>
            </param>
          </params>
          <exception class="java.lang.NullPointerException">
            <full-stacktrace>
              <![CDATA[java.lang.NullPointerException
	at com.google.common.base.Preconditions.checkNotNull(Preconditions.java:882)
	at io.appium.java_client.TouchAction.<init>(TouchAction.java:52)
	at io.appium.java_client.android.AndroidTouchAction.<init>(AndroidTouchAction.java:26)
	at pages.HideShowAnimationPage.<init>(HideShowAnimationPage.java:18)
	at stepdefinition.AnimationHideStep.i_click_on_animation_button_for_hide_operation(AnimationHideStep.java:23)
	at ✽.I click on animation button for hide operation(file:///D:/ANKIT/eclipse-workspace/Exit_Test/./src/test/java/features/animation_hide.feature:6)
]]>
            </full-stacktrace>
          </exception> <!-- java.lang.NullPointerException -->
          <reporter-output>
          </reporter-output>
        </test-method> <!-- runScenario -->
        <test-method signature="runScenario(io.cucumber.testng.PickleWrapper, io.cucumber.testng.FeatureWrapper)[pri:0, instance:Runner.TestRunner@5c33f1a9]" started-at="2022-03-22T19:37:56Z" name="runScenario" description="Runs Cucumber Scenarios" data-provider="scenarios" finished-at="2022-03-22T19:38:05Z" duration-ms="9169" status="FAIL">
          <params>
            <param index="0">
              <value>
                <![CDATA["User performs show operation of numbers"]]>
              </value>
            </param>
            <param index="1">
              <value>
                <![CDATA["Optional[show operation of animation button]"]]>
              </value>
            </param>
          </params>
          <exception class="java.lang.NullPointerException">
            <full-stacktrace>
              <![CDATA[java.lang.NullPointerException
	at com.google.common.base.Preconditions.checkNotNull(Preconditions.java:882)
	at io.appium.java_client.TouchAction.<init>(TouchAction.java:52)
	at io.appium.java_client.android.AndroidTouchAction.<init>(AndroidTouchAction.java:26)
	at pages.HideShowAnimationPage.<init>(HideShowAnimationPage.java:18)
	at stepdefinition.AnimationShowStep.at_first_I_perform_all_hide_operations(AnimationShowStep.java:23)
	at ✽.At first I perform all hide operations(file:///D:/ANKIT/eclipse-workspace/Exit_Test/./src/test/java/features/animation_show.feature:6)
]]>
            </full-stacktrace>
          </exception> <!-- java.lang.NullPointerException -->
          <reporter-output>
          </reporter-output>
        </test-method> <!-- runScenario -->
        <test-method signature="runScenario(io.cucumber.testng.PickleWrapper, io.cucumber.testng.FeatureWrapper)[pri:0, instance:Runner.TestRunner@5c33f1a9]" started-at="2022-03-22T19:38:05Z" name="runScenario" description="Runs Cucumber Scenarios" data-provider="scenarios" finished-at="2022-03-22T19:38:08Z" duration-ms="2712" status="FAIL">
          <params>
            <param index="0">
              <value>
                <![CDATA["User performs cloning opertion"]]>
              </value>
            </param>
            <param index="1">
              <value>
                <![CDATA["Optional[cloning operation of animation button]"]]>
              </value>
            </param>
          </params>
          <exception class="java.lang.NullPointerException">
            <full-stacktrace>
              <![CDATA[java.lang.NullPointerException
	at com.google.common.base.Preconditions.checkNotNull(Preconditions.java:882)
	at io.appium.java_client.TouchAction.<init>(TouchAction.java:52)
	at io.appium.java_client.android.AndroidTouchAction.<init>(AndroidTouchAction.java:26)
	at pages.CloningPage.<init>(CloningPage.java:18)
	at stepdefinition.CloningStep.i_click_on_animation_button_for_cloning_operation(CloningStep.java:23)
	at ✽.I click on animation button for cloning operation(file:///D:/ANKIT/eclipse-workspace/Exit_Test/./src/test/java/features/cloning.feature:6)
]]>
            </full-stacktrace>
          </exception> <!-- java.lang.NullPointerException -->
          <reporter-output>
          </reporter-output>
        </test-method> <!-- runScenario -->
        <test-method signature="runScenario(io.cucumber.testng.PickleWrapper, io.cucumber.testng.FeatureWrapper)[pri:0, instance:Runner.TestRunner@5c33f1a9]" started-at="2022-03-22T19:38:08Z" name="runScenario" description="Runs Cucumber Scenarios" data-provider="scenarios" finished-at="2022-03-22T19:38:17Z" duration-ms="8800" status="FAIL">
          <params>
            <param index="0">
              <value>
                <![CDATA["User performs custom evaluator opration"]]>
              </value>
            </param>
            <param index="1">
              <value>
                <![CDATA["Optional[custom evaluator opration of animation button]"]]>
              </value>
            </param>
          </params>
          <exception class="java.lang.NullPointerException">
            <full-stacktrace>
              <![CDATA[java.lang.NullPointerException
	at com.google.common.base.Preconditions.checkNotNull(Preconditions.java:882)
	at io.appium.java_client.TouchAction.<init>(TouchAction.java:52)
	at io.appium.java_client.android.AndroidTouchAction.<init>(AndroidTouchAction.java:26)
	at pages.CustomPage.<init>(CustomPage.java:17)
	at stepdefinition.CustomStep.i_click_on_animation_button_for_custom_operation(CustomStep.java:23)
	at ✽.I click on animation button for custom operation(file:///D:/ANKIT/eclipse-workspace/Exit_Test/./src/test/java/features/custom_evaluator.feature:6)
]]>
            </full-stacktrace>
          </exception> <!-- java.lang.NullPointerException -->
          <reporter-output>
          </reporter-output>
        </test-method> <!-- runScenario -->
        <test-method signature="runScenario(io.cucumber.testng.PickleWrapper, io.cucumber.testng.FeatureWrapper)[pri:0, instance:Runner.TestRunner@5c33f1a9]" started-at="2022-03-22T19:38:17Z" name="runScenario" description="Runs Cucumber Scenarios" data-provider="scenarios" finished-at="2022-03-22T19:38:20Z" duration-ms="2569" status="FAIL">
          <params>
            <param index="0">
              <value>
                <![CDATA["User performs loading opertion"]]>
              </value>
            </param>
            <param index="1">
              <value>
                <![CDATA["Optional[loading operation of animation button]"]]>
              </value>
            </param>
          </params>
          <exception class="java.lang.NullPointerException">
            <full-stacktrace>
              <![CDATA[java.lang.NullPointerException
	at com.google.common.base.Preconditions.checkNotNull(Preconditions.java:882)
	at io.appium.java_client.TouchAction.<init>(TouchAction.java:52)
	at io.appium.java_client.android.AndroidTouchAction.<init>(AndroidTouchAction.java:26)
	at pages.LoadingPage.<init>(LoadingPage.java:17)
	at stepdefinition.LoadingStep.i_click_on_animation_button_for_loading_operation(LoadingStep.java:23)
	at ✽.I click on animation button for loading operation(file:///D:/ANKIT/eclipse-workspace/Exit_Test/./src/test/java/features/loading.feature:6)
]]>
            </full-stacktrace>
          </exception> <!-- java.lang.NullPointerException -->
          <reporter-output>
          </reporter-output>
        </test-method> <!-- runScenario -->
        <test-method signature="runScenario(io.cucumber.testng.PickleWrapper, io.cucumber.testng.FeatureWrapper)[pri:0, instance:Runner.TestRunner@5c33f1a9]" started-at="2022-03-22T19:38:20Z" name="runScenario" description="Runs Cucumber Scenarios" data-provider="scenarios" finished-at="2022-03-22T19:38:29Z" duration-ms="9753" status="FAIL">
          <params>
            <param index="0">
              <value>
                <![CDATA["User performs multiple properties opertion"]]>
              </value>
            </param>
            <param index="1">
              <value>
                <![CDATA["Optional[multiple properties of animation button]"]]>
              </value>
            </param>
          </params>
          <exception class="java.lang.NullPointerException">
            <full-stacktrace>
              <![CDATA[java.lang.NullPointerException
	at com.google.common.base.Preconditions.checkNotNull(Preconditions.java:882)
	at io.appium.java_client.TouchAction.<init>(TouchAction.java:52)
	at io.appium.java_client.android.AndroidTouchAction.<init>(AndroidTouchAction.java:26)
	at pages.MultiplePropertiesPage.<init>(MultiplePropertiesPage.java:17)
	at stepdefinition.MultiplePropertiesStep.i_click_on_animation_button_for_multiple_operation(MultiplePropertiesStep.java:24)
	at ✽.I click on animation button for multiple operation(file:///D:/ANKIT/eclipse-workspace/Exit_Test/./src/test/java/features/multiple_properties.feature:6)
]]>
            </full-stacktrace>
          </exception> <!-- java.lang.NullPointerException -->
          <reporter-output>
          </reporter-output>
        </test-method> <!-- runScenario -->
        <test-method is-config="true" signature="tearDownClass()[pri:0, instance:Runner.TestRunner@5c33f1a9]" started-at="2022-03-22T19:38:29Z" name="tearDownClass" finished-at="2022-03-22T19:38:30Z" duration-ms="1004" status="PASS">
          <reporter-output>
          </reporter-output>
        </test-method> <!-- tearDownClass -->
      </class> <!-- Runner.TestRunner -->
    </test> <!-- Surefire test -->
  </suite> <!-- Surefire suite -->
</testng-results>
