<?xml version="1.0" encoding="UTF-8"?>
<testsuite xmlns:xsi="http://www.w3.org/2001/XMLSchema-instance" xsi:noNamespaceSchemaLocation="https://maven.apache.org/surefire/maven-surefire-plugin/xsd/surefire-test-report.xsd" name="Runner.TestRunner" time="22.553" tests="1" errors="0" skipped="0" failures="1">
  <properties>
[...]
</properties>
  <testcase name="runScenario" classname="Runner.TestRunner" time="21.044">
    <failure message="expected [true] but found [false]" type="java.lang.AssertionError">java.lang.AssertionError: expected [true] but found [false]
</failure>
    <system-out><![CDATA[&amp#27;[35m[Appium]&amp#27;[39m Welcome to Appium v1.22.2
&amp#27;[35m[Appium]&amp#27;[39m Appium REST http interface listener started on 0.0.0.0:4723
&amp#27;[35m[HTTP]&amp#27;[39m &amp#27;[37m-->&amp#27;[39m &amp#27;[37mGET&amp#27;[39m &amp#27;[37m/wd/hub/status&amp#27;[39m
&amp#27;[35m[HTTP]&amp#27;[39m &amp#27;[90m{}&amp#27;[39m
[debug] &amp#27;[35m[GENERIC]&amp#27;[39m Calling AppiumDriver.getStatus() with args: []
[debug] &amp#27;[35m[GENERIC]&amp#27;[39m Responding to client with driver.getStatus() result: {"build":{"version":"1.22.2"}}
&amp#27;[35m[HTTP]&amp#27;[39m &amp#27;[37m<-- GET /wd/hub/status &amp#27;[39m&amp#27;[32m200&amp#27;[39m &amp#27;[90m12 ms - 68&amp#27;[39m
&amp#27;[35m[HTTP]&amp#27;[39m &amp#27;[90m&amp#27;[39m
&amp#27;[35m[HTTP]&amp#27;[39m &amp#27;[37m-->&amp#27;[39m &amp#27;[37mPOST&amp#27;[39m &amp#27;[37m/wd/hub/session&amp#27;[39m
&amp#27;[35m[HTTP]&amp#27;[39m &amp#27;[90m{"desiredCapabilities":{"app":"./Test app/ApiDemos-debug.apk","appActivity":"io.appium.android.apis.ApiDemos","appPackage":"io.appium.android.apis","platformVersion":"8.1.0","platformName":"Android","deviceName":"MyAndroid"},"capabilities":{"alwaysMatch":{"appium:app":"./Test app/ApiDemos-debug.apk","appium:appActivity":"io.appium.android.apis.ApiDemos","appium:appPackage":"io.appium.android.apis","appium:deviceName":"MyAndroid","platformName":"android","appium:platformVersion":"8.1.0"},"firstMatch":[{}]}}&amp#27;[39m
[debug] &amp#27;[35m[W3C]&amp#27;[39m Calling AppiumDriver.createSession() with args: [{"app":"./Test app/ApiDemos-debug.apk","appActivity":"io.appium.android.apis.ApiDemos","appPackage":"io.appium.android.apis","platformVersion":"8.1.0","platformName":"Android","deviceName":"MyAndroid"},null,{"alwaysMatch":{"appium:app":"./Test app/ApiDemos-debug.apk","appium:appActivity":"io.appium.android.apis.ApiDemos","appium:appPackage":"io.appium.android.apis","appium:deviceName":"MyAndroid","platformName":"android","appium:platformVersion":"8.1.0"},"firstMatch":[{}]}]
[debug] &amp#27;[35m[BaseDriver]&amp#27;[39m Event 'newSessionRequested' logged at 1647884331479 (23:08:51 GMT+0530 (India Standard Time))
&amp#27;[35m[Appium]&amp#27;[39m 
&amp#27;[35m[Appium]&amp#27;[39m ======================================================================
&amp#27;[35m[Appium]&amp#27;[39m   DEPRECATION WARNING:
&amp#27;[35m[Appium]&amp#27;[39m 
&amp#27;[35m[Appium]&amp#27;[39m   The 'automationName' capability was not provided in the desired 
&amp#27;[35m[Appium]&amp#27;[39m   capabilities for this Android session
&amp#27;[35m[Appium]&amp#27;[39m 
&amp#27;[35m[Appium]&amp#27;[39m   Setting 'automationName=UiAutomator2' by default and using the 
&amp#27;[35m[Appium]&amp#27;[39m   UiAutomator2 Driver
&amp#27;[35m[Appium]&amp#27;[39m 
&amp#27;[35m[Appium]&amp#27;[39m   The next major version of Appium (2.x) will **require** the 
&amp#27;[35m[Appium]&amp#27;[39m   'automationName' capability to be set for all sessions on all 
&amp#27;[35m[Appium]&amp#27;[39m   platforms
&amp#27;[35m[Appium]&amp#27;[39m 
&amp#27;[35m[Appium]&amp#27;[39m   In previous versions (Appium <= 1.13.x), the default was 
&amp#27;[35m[Appium]&amp#27;[39m   'automationName=UiAutomator1'
&amp#27;[35m[Appium]&amp#27;[39m 
&amp#27;[35m[Appium]&amp#27;[39m   If you wish to use that automation instead of UiAutomator2, please 
&amp#27;[35m[Appium]&amp#27;[39m   add 'automationName=UiAutomator1' to your desired capabilities
&amp#27;[35m[Appium]&amp#27;[39m 
&amp#27;[35m[Appium]&amp#27;[39m   For more information about drivers, please visit 
&amp#27;[35m[Appium]&amp#27;[39m   http://appium.io/docs/en/about-appium/intro/ and explore the 
&amp#27;[35m[Appium]&amp#27;[39m   'Drivers' menu
&amp#27;[35m[Appium]&amp#27;[39m 
&amp#27;[35m[Appium]&amp#27;[39m ======================================================================
&amp#27;[35m[Appium]&amp#27;[39m 
&amp#27;[35m[Appium]&amp#27;[39m Appium v1.22.2 creating new AndroidUiautomator2Driver (v1.70.1) session
[debug] &amp#27;[35m[BaseDriver]&amp#27;[39m W3C capabilities and MJSONWP desired capabilities were provided
[debug] &amp#27;[35m[BaseDriver]&amp#27;[39m Creating session with W3C capabilities: {
[debug] &amp#27;[35m[BaseDriver]&amp#27;[39m   "alwaysMatch": {
[debug] &amp#27;[35m[BaseDriver]&amp#27;[39m     "platformName": "android",
[debug] &amp#27;[35m[BaseDriver]&amp#27;[39m     "appium:app": "./Test app/ApiDemos-debug.apk",
[debug] &amp#27;[35m[BaseDriver]&amp#27;[39m     "appium:appActivity": "io.appium.android.apis.ApiDemos",
[debug] &amp#27;[35m[BaseDriver]&amp#27;[39m     "appium:appPackage": "io.appium.android.apis",
[debug] &amp#27;[35m[BaseDriver]&amp#27;[39m     "appium:deviceName": "MyAndroid",
[debug] &amp#27;[35m[BaseDriver]&amp#27;[39m     "appium:platformVersion": "8.1.0"
[debug] &amp#27;[35m[BaseDriver]&amp#27;[39m   },
[debug] &amp#27;[35m[BaseDriver]&amp#27;[39m   "firstMatch": [
[debug] &amp#27;[35m[BaseDriver]&amp#27;[39m     {}
[debug] &amp#27;[35m[BaseDriver]&amp#27;[39m   ]
[debug] &amp#27;[35m[BaseDriver]&amp#27;[39m }
&amp#27;[35m[BaseDriver]&amp#27;[39m Session created with session id: c10258a1-a0bb-4c53-a46d-0d4053ce5202
&amp#27;[35m[BaseDriver]&amp#27;[39m Using local app './Test app/ApiDemos-debug.apk'
&amp#27;[35m[BaseDriver]&amp#27;[39m The current application path './Test app/ApiDemos-debug.apk' is not absolute and has been rewritten to 'D:\ANKIT\eclipse-workspace\Exit_Test\Test app\ApiDemos-debug.apk'. Consider using absolute paths rather than relative
[debug] &amp#27;[35m[UiAutomator2]&amp#27;[39m Checking whether app is actually present
&amp#27;[35m[ADB]&amp#27;[39m Found 3 'build-tools' folders under 'C:\Users\ankitpandey02\AppData\Local\Android\Sdk' (newest first):
&amp#27;[35m[ADB]&amp#27;[39m     C:/Users/ankitpandey02/AppData/Local/Android/Sdk/build-tools/32.1.0-rc1
&amp#27;[35m[ADB]&amp#27;[39m     C:/Users/ankitpandey02/AppData/Local/Android/Sdk/build-tools/32.0.0
&amp#27;[35m[ADB]&amp#27;[39m     C:/Users/ankitpandey02/AppData/Local/Android/Sdk/build-tools/30.0.3
&amp#27;[35m[ADB]&amp#27;[39m Using 'adb.exe' from 'C:\Users\ankitpandey02\AppData\Local\Android\Sdk\platform-tools\adb.exe'
[debug] &amp#27;[35m[ADB]&amp#27;[39m Running 'C:\Users\ankitpandey02\AppData\Local\Android\Sdk\platform-tools\adb.exe -P 5037 start-server'
&amp#27;[35m[AndroidDriver]&amp#27;[39m Retrieving device list
[debug] &amp#27;[35m[ADB]&amp#27;[39m Trying to find a connected android device
[debug] &amp#27;[35m[ADB]&amp#27;[39m Getting connected devices
[debug] &amp#27;[35m[ADB]&amp#27;[39m Connected devices: [{"udid":"emulator-5554","state":"device"}]
&amp#27;[35m[AndroidDriver]&amp#27;[39m Looking for a device with Android '8.1.0'
[debug] &amp#27;[35m[ADB]&amp#27;[39m Setting device id to emulator-5554
&amp#27;[35m[ADB]&amp#27;[39m Getting device platform version
[debug] &amp#27;[35m[ADB]&amp#27;[39m Running 'C:\Users\ankitpandey02\AppData\Local\Android\Sdk\platform-tools\adb.exe -P 5037 -s emulator-5554 shell getprop ro.build.version.release'
[debug] &amp#27;[35m[ADB]&amp#27;[39m Current device property 'ro.build.version.release': 8.1.0
&amp#27;[35m[AndroidDriver]&amp#27;[39m Using device: emulator-5554
&amp#27;[35m[ADB]&amp#27;[39m Using 'adb.exe' from 'C:\Users\ankitpandey02\AppData\Local\Android\Sdk\platform-tools\adb.exe'
[debug] &amp#27;[35m[ADB]&amp#27;[39m Running 'C:\Users\ankitpandey02\AppData\Local\Android\Sdk\platform-tools\adb.exe -P 5037 start-server'
[debug] &amp#27;[35m[ADB]&amp#27;[39m Setting device id to emulator-5554
[debug] &amp#27;[35m[ADB]&amp#27;[39m Running 'C:\Users\ankitpandey02\AppData\Local\Android\Sdk\platform-tools\adb.exe -P 5037 -s emulator-5554 shell getprop ro.build.version.sdk'
[debug] &amp#27;[35m[ADB]&amp#27;[39m Current device property 'ro.build.version.sdk': 27
[debug] &amp#27;[35m[ADB]&amp#27;[39m Device API level: 27
[debug] &amp#27;[35m[ADB]&amp#27;[39m Running 'C:\Users\ankitpandey02\AppData\Local\Android\Sdk\platform-tools\adb.exe -P 5037 -s emulator-5554 wait-for-device'
[debug] &amp#27;[35m[ADB]&amp#27;[39m Running 'C:\Users\ankitpandey02\AppData\Local\Android\Sdk\platform-tools\adb.exe -P 5037 -s emulator-5554 shell echo ping'
[debug] &amp#27;[35m[AndroidDriver]&amp#27;[39m Pushing settings apk to device...
[debug] &amp#27;[35m[ADB]&amp#27;[39m Getting install status for io.appium.settings
[debug] &amp#27;[35m[ADB]&amp#27;[39m Running 'C:\Users\ankitpandey02\AppData\Local\Android\Sdk\platform-tools\adb.exe -P 5037 -s emulator-5554 shell dumpsys package io.appium.settings'
[debug] &amp#27;[35m[ADB]&amp#27;[39m 'io.appium.settings' is installed
[debug] &amp#27;[35m[ADB]&amp#27;[39m Getting package info for 'io.appium.settings'
[debug] &amp#27;[35m[ADB]&amp#27;[39m Running 'C:\Users\ankitpandey02\AppData\Local\Android\Sdk\platform-tools\adb.exe -P 5037 -s emulator-5554 shell dumpsys package io.appium.settings'
[debug] &amp#27;[35m[ADB]&amp#27;[39m The version name of the installed 'io.appium.settings' is greater or equal to the application version name ('3.4.0' >= '3.4.0')
[debug] &amp#27;[35m[ADB]&amp#27;[39m There is no need to install/upgrade 'C:\Users\ankitpandey02\AppData\Roaming\npm\node_modules\appium\node_modules\io.appium.settings\apks\settings_apk-debug.apk'
[debug] &amp#27;[35m[ADB]&amp#27;[39m Getting IDs of all 'io.appium.settings' processes
[debug] &amp#27;[35m[ADB]&amp#27;[39m Running 'C:\Users\ankitpandey02\AppData\Local\Android\Sdk\platform-tools\adb.exe -P 5037 -s emulator-5554 shell 'pgrep --help; echo $?''
[debug] &amp#27;[35m[ADB]&amp#27;[39m Running 'C:\Users\ankitpandey02\AppData\Local\Android\Sdk\platform-tools\adb.exe -P 5037 -s emulator-5554 shell pgrep -f \(\[\[:blank:\]\]\|\^\)io\.appium\.settings\(\[\[:blank:\]\]\|\$\)'
[debug] &amp#27;[35m[AndroidDriver]&amp#27;[39m io.appium.settings is already running. There is no need to reset its permissions.
[debug] &amp#27;[35m[Logcat]&amp#27;[39m Starting logs capture with command: C:\\Users\\ankitpandey02\\AppData\\Local\\Android\\Sdk\\platform-tools\\adb.exe -P 5037 -s emulator-5554 logcat -v threadtime
[debug] &amp#27;[35m[UiAutomator2]&amp#27;[39m Forwarding UiAutomator2 Server port 6790 to local port 8200
[debug] &amp#27;[35m[ADB]&amp#27;[39m Forwarding system: 8200 to device: 6790
[debug] &amp#27;[35m[ADB]&amp#27;[39m Running 'C:\Users\ankitpandey02\AppData\Local\Android\Sdk\platform-tools\adb.exe -P 5037 -s emulator-5554 forward tcp:8200 tcp:6790'
[debug] &amp#27;[35m[ADB]&amp#27;[39m Getting install status for io.appium.uiautomator2.server
[debug] &amp#27;[35m[ADB]&amp#27;[39m Running 'C:\Users\ankitpandey02\AppData\Local\Android\Sdk\platform-tools\adb.exe -P 5037 -s emulator-5554 shell dumpsys package io.appium.uiautomator2.server'
[debug] &amp#27;[35m[ADB]&amp#27;[39m 'io.appium.uiautomator2.server' is installed
[debug] &amp#27;[35m[ADB]&amp#27;[39m Getting package info for 'io.appium.uiautomator2.server'
[debug] &amp#27;[35m[ADB]&amp#27;[39m Running 'C:\Users\ankitpandey02\AppData\Local\Android\Sdk\platform-tools\adb.exe -P 5037 -s emulator-5554 shell dumpsys package io.appium.uiautomator2.server'
[debug] &amp#27;[35m[ADB]&amp#27;[39m The version name of the installed 'io.appium.uiautomator2.server' is greater or equal to the application version name ('4.27.0' >= '4.27.0')
[debug] &amp#27;[35m[UiAutomator2]&amp#27;[39m io.appium.uiautomator2.server installation state: sameVersionInstalled
[debug] &amp#27;[35m[ADB]&amp#27;[39m Checking app cert for C:\Users\ankitpandey02\AppData\Roaming\npm\node_modules\appium\node_modules\appium-uiautomator2-server\apks\appium-uiautomator2-server-v4.27.0.apk
&amp#27;[35m[ADB]&amp#27;[39m Using 'apksigner.jar' from 'C:\Users\ankitpandey02\AppData\Local\Android\Sdk\build-tools\32.1.0-rc1\lib\apksigner.jar'
[debug] &amp#27;[35m[ADB]&amp#27;[39m Starting apksigner: 'C:\\Program Files\\Java\\jdk-11.0.12\\bin\\java.exe' -Xmx1024M -Xss1m -jar C:\\Users\\ankitpandey02\\AppData\\Local\\Android\\Sdk\\build-tools\\32.1.0-rc1\\lib\\apksigner.jar verify --print-certs C:\\Users\\ankitpandey02\\AppData\\Roaming\\npm\\node_modules\\appium\\node_modules\\appium-uiautomator2-server\\apks\\appium-uiautomator2-server-v4.27.0.apk
[debug] &amp#27;[35m[ADB]&amp#27;[39m apksigner stdout: Signer #1 certificate DN: EMAILADDRESS=android@android.com, CN=Android, OU=Android, O=Android, L=Mountain View, ST=California, C=US
[debug] &amp#27;[35m[ADB]&amp#27;[39m Signer #1 certificate SHA-256 digest: a40da80a59d170caa950cf15c18c454d47a39b26989d8b640ecd745ba71bf5dc
[debug] &amp#27;[35m[ADB]&amp#27;[39m Signer #1 certificate SHA-1 digest: 61ed377e85d386a8dfee6b864bd85b0bfaa5af81
[debug] &amp#27;[35m[ADB]&amp#27;[39m Signer #1 certificate MD5 digest: e89b158e4bcf988ebd09eb83f5378e87
[debug] &amp#27;[35m[ADB]&amp#27;[39m 
[debug] &amp#27;[35m[ADB]&amp#27;[39m sha256 hash did match for 'appium-uiautomator2-server-v4.27.0.apk'
&amp#27;[35m[ADB]&amp#27;[39m 'C:\Users\ankitpandey02\AppData\Roaming\npm\node_modules\appium\node_modules\appium-uiautomator2-server\apks\appium-uiautomator2-server-v4.27.0.apk' is signed with the default certificate
[debug] &amp#27;[35m[ADB]&amp#27;[39m Getting install status for io.appium.uiautomator2.server.test
[debug] &amp#27;[35m[ADB]&amp#27;[39m Running 'C:\Users\ankitpandey02\AppData\Local\Android\Sdk\platform-tools\adb.exe -P 5037 -s emulator-5554 shell dumpsys package io.appium.uiautomator2.server.test'
[debug] &amp#27;[35m[ADB]&amp#27;[39m 'io.appium.uiautomator2.server.test' is installed
[debug] &amp#27;[35m[ADB]&amp#27;[39m Checking app cert for C:\Users\ankitpandey02\AppData\Roaming\npm\node_modules\appium\node_modules\appium-uiautomator2-server\apks\appium-uiautomator2-server-debug-androidTest.apk
[debug] &amp#27;[35m[ADB]&amp#27;[39m Starting apksigner: 'C:\\Program Files\\Java\\jdk-11.0.12\\bin\\java.exe' -Xmx1024M -Xss1m -jar C:\\Users\\ankitpandey02\\AppData\\Local\\Android\\Sdk\\build-tools\\32.1.0-rc1\\lib\\apksigner.jar verify --print-certs C:\\Users\\ankitpandey02\\AppData\\Roaming\\npm\\node_modules\\appium\\node_modules\\appium-uiautomator2-server\\apks\\appium-uiautomator2-server-debug-androidTest.apk
[debug] &amp#27;[35m[ADB]&amp#27;[39m apksigner stdout: Signer #1 certificate DN: EMAILADDRESS=android@android.com, CN=Android, OU=Android, O=Android, L=Mountain View, ST=California, C=US
[debug] &amp#27;[35m[ADB]&amp#27;[39m Signer #1 certificate SHA-256 digest: a40da80a59d170caa950cf15c18c454d47a39b26989d8b640ecd745ba71bf5dc
[debug] &amp#27;[35m[ADB]&amp#27;[39m Signer #1 certificate SHA-1 digest: 61ed377e85d386a8dfee6b864bd85b0bfaa5af81
[debug] &amp#27;[35m[ADB]&amp#27;[39m Signer #1 certificate MD5 digest: e89b158e4bcf988ebd09eb83f5378e87
[debug] &amp#27;[35m[ADB]&amp#27;[39m 
[debug] &amp#27;[35m[ADB]&amp#27;[39m sha256 hash did match for 'appium-uiautomator2-server-debug-androidTest.apk'
&amp#27;[35m[ADB]&amp#27;[39m 'C:\Users\ankitpandey02\AppData\Roaming\npm\node_modules\appium\node_modules\appium-uiautomator2-server\apks\appium-uiautomator2-server-debug-androidTest.apk' is signed with the default certificate
&amp#27;[35m[UiAutomator2]&amp#27;[39m Server packages are not going to be (re)installed
[debug] &amp#27;[35m[UiAutomator2]&amp#27;[39m Waiting up to 30000ms for services to be available
[debug] &amp#27;[35m[ADB]&amp#27;[39m Running 'C:\Users\ankitpandey02\AppData\Local\Android\Sdk\platform-tools\adb.exe -P 5037 -s emulator-5554 shell pm list instrumentation'
[debug] &amp#27;[35m[UiAutomator2]&amp#27;[39m Instrumentation target 'io.appium.uiautomator2.server.test/androidx.test.runner.AndroidJUnitRunner' is available
&amp#27;[35m[ADB]&amp#27;[39m Adding packages ["io.appium.settings","io.appium.uiautomator2.server","io.appium.uiautomator2.server.test"] to Doze whitelist
[debug] &amp#27;[35m[ADB]&amp#27;[39m Got the following command chunks to execute: [["dumpsys","deviceidle","whitelist","+io.appium.settings",";","dumpsys","deviceidle","whitelist","+io.appium.uiautomator2.server",";","dumpsys","deviceidle","whitelist","+io.appium.uiautomator2.server.test",";"]]
[debug] &amp#27;[35m[ADB]&amp#27;[39m Running 'C:\Users\ankitpandey02\AppData\Local\Android\Sdk\platform-tools\adb.exe -P 5037 -s emulator-5554 shell dumpsys deviceidle whitelist +io.appium.settings ; dumpsys deviceidle whitelist +io.appium.uiautomator2.server ; dumpsys deviceidle whitelist +io.appium.uiautomator2.server.test ;'
[debug] &amp#27;[35m[ADB]&amp#27;[39m Checking app cert for D:\ANKIT\eclipse-workspace\Exit_Test\Test app\ApiDemos-debug.apk
[debug] &amp#27;[35m[ADB]&amp#27;[39m Starting apksigner: 'C:\\Program Files\\Java\\jdk-11.0.12\\bin\\java.exe' -Xmx1024M -Xss1m -jar C:\\Users\\ankitpandey02\\AppData\\Local\\Android\\Sdk\\build-tools\\32.1.0-rc1\\lib\\apksigner.jar verify --print-certs 'D:\\ANKIT\\eclipse-workspace\\Exit_Test\\Test app\\ApiDemos-debug.apk'
[debug] &amp#27;[35m[ADB]&amp#27;[39m apksigner stdout: Signer #1 certificate DN: EMAILADDRESS=android@android.com, CN=Android, OU=Android, O=Android, L=Mountain View, ST=California, C=US
[debug] &amp#27;[35m[ADB]&amp#27;[39m Signer #1 certificate SHA-256 digest: a40da80a59d170caa950cf15c18c454d47a39b26989d8b640ecd745ba71bf5dc
[debug] &amp#27;[35m[ADB]&amp#27;[39m Signer #1 certificate SHA-1 digest: 61ed377e85d386a8dfee6b864bd85b0bfaa5af81
[debug] &amp#27;[35m[ADB]&amp#27;[39m Signer #1 certificate MD5 digest: e89b158e4bcf988ebd09eb83f5378e87
[debug] &amp#27;[35m[ADB]&amp#27;[39m 
[debug] &amp#27;[35m[ADB]&amp#27;[39m sha256 hash did match for 'ApiDemos-debug.apk'
&amp#27;[35m[ADB]&amp#27;[39m 'D:\ANKIT\eclipse-workspace\Exit_Test\Test app\ApiDemos-debug.apk' is signed with the default certificate
[debug] &amp#27;[35m[ADB]&amp#27;[39m Getting install status for io.appium.android.apis
[debug] &amp#27;[35m[ADB]&amp#27;[39m Running 'C:\Users\ankitpandey02\AppData\Local\Android\Sdk\platform-tools\adb.exe -P 5037 -s emulator-5554 shell dumpsys package io.appium.android.apis'
[debug] &amp#27;[35m[ADB]&amp#27;[39m 'io.appium.android.apis' is installed
[debug] &amp#27;[35m[ADB]&amp#27;[39m Getting package info for 'io.appium.android.apis'
[debug] &amp#27;[35m[ADB]&amp#27;[39m Running 'C:\Users\ankitpandey02\AppData\Local\Android\Sdk\platform-tools\adb.exe -P 5037 -s emulator-5554 shell dumpsys package io.appium.android.apis'
&amp#27;[35m[ADB]&amp#27;[39m Cannot read version codes of 'D:\ANKIT\eclipse-workspace\Exit_Test\Test app\ApiDemos-debug.apk' and/or 'io.appium.android.apis'
&amp#27;[35m[ADB]&amp#27;[39m Cannot read version names of 'D:\ANKIT\eclipse-workspace\Exit_Test\Test app\ApiDemos-debug.apk' and/or 'io.appium.android.apis'
[debug] &amp#27;[35m[ADB]&amp#27;[39m The current install state of 'D:\ANKIT\eclipse-workspace\Exit_Test\Test app\ApiDemos-debug.apk' is unknown. Installing anyway
[debug] &amp#27;[35m[ADB]&amp#27;[39m Running 'C:\Users\ankitpandey02\AppData\Local\Android\Sdk\platform-tools\adb.exe -P 5037 -s emulator-5554 help'
[debug] &amp#27;[35m[ADB]&amp#27;[39m Running 'C:\Users\ankitpandey02\AppData\Local\Android\Sdk\platform-tools\adb.exe -P 5037 -s emulator-5554 features'
&amp#27;[35m[ADB]&amp#27;[39m The application at 'D:\ANKIT\eclipse-workspace\Exit_Test\Test app\ApiDemos-debug.apk' will not be cached, because the device under test has confirmed the support of streamed installs
[debug] &amp#27;[35m[ADB]&amp#27;[39m Running 'C:\Users\ankitpandey02\AppData\Local\Android\Sdk\platform-tools\adb.exe -P 5037 -s emulator-5554 install -r 'D:\\ANKIT\\eclipse-workspace\\Exit_Test\\Test app\\ApiDemos-debug.apk''
&amp#27;[35m[ADB]&amp#27;[39m The installation of 'ApiDemos-debug.apk' took 538ms
[debug] &amp#27;[35m[ADB]&amp#27;[39m Install command stdout: Performing Streamed Install
[debug] &amp#27;[35m[ADB]&amp#27;[39m Success
&amp#27;[35m[AndroidDriver]&amp#27;[39m Performing fast reset on 'io.appium.android.apis'
[debug] &amp#27;[35m[ADB]&amp#27;[39m Getting install status for io.appium.android.apis
[debug] &amp#27;[35m[ADB]&amp#27;[39m Running 'C:\Users\ankitpandey02\AppData\Local\Android\Sdk\platform-tools\adb.exe -P 5037 -s emulator-5554 shell dumpsys package io.appium.android.apis'
[debug] &amp#27;[35m[ADB]&amp#27;[39m 'io.appium.android.apis' is installed
[debug] &amp#27;[35m[ADB]&amp#27;[39m Running 'C:\Users\ankitpandey02\AppData\Local\Android\Sdk\platform-tools\adb.exe -P 5037 -s emulator-5554 shell am force-stop io.appium.android.apis'
[debug] &amp#27;[35m[ADB]&amp#27;[39m Running 'C:\Users\ankitpandey02\AppData\Local\Android\Sdk\platform-tools\adb.exe -P 5037 -s emulator-5554 shell pm clear io.appium.android.apis'
[debug] &amp#27;[35m[AndroidDriver]&amp#27;[39m Performed fast reset on the installed 'io.appium.android.apis' application (stop and clear)
[debug] &amp#27;[35m[UiAutomator2]&amp#27;[39m Performing shallow cleanup of automation leftovers
[debug] &amp#27;[35m[UiAutomator2]&amp#27;[39m No obsolete sessions have been detected (socket hang up)
[debug] &amp#27;[35m[ADB]&amp#27;[39m Running 'C:\Users\ankitpandey02\AppData\Local\Android\Sdk\platform-tools\adb.exe -P 5037 -s emulator-5554 shell am force-stop io.appium.uiautomator2.server.test'
&amp#27;[35m[UiAutomator2]&amp#27;[39m Starting UIAutomator2 server 4.27.0
&amp#27;[35m[UiAutomator2]&amp#27;[39m Using UIAutomator2 server from 'C:\Users\ankitpandey02\AppData\Roaming\npm\node_modules\appium\node_modules\appium-uiautomator2-server\apks\appium-uiautomator2-server-v4.27.0.apk' and test from 'C:\Users\ankitpandey02\AppData\Roaming\npm\node_modules\appium\node_modules\appium-uiautomator2-server\apks\appium-uiautomator2-server-debug-androidTest.apk'
&amp#27;[35m[UiAutomator2]&amp#27;[39m Waiting up to 30000ms for UiAutomator2 to be online...
[debug] &amp#27;[35m[ADB]&amp#27;[39m Creating ADB subprocess with args: ["-P",5037,"-s","emulator-5554","shell","am","instrument","-w","-e","disableAnalytics",true,"io.appium.uiautomator2.server.test/androidx.test.runner.AndroidJUnitRunner"]
[debug] &amp#27;[35m[WD Proxy]&amp#27;[39m Matched '/status' to command name 'getStatus'
[debug] &amp#27;[35m[WD Proxy]&amp#27;[39m Proxying [GET /status] to [GET http://127.0.0.1:8200/wd/hub/status] with no body
&amp#27;[35m[WD Proxy]&amp#27;[39m socket hang up
[debug] &amp#27;[35m[Instrumentation]&amp#27;[39m io.appium.uiautomator2.server.test.AppiumUiAutomator2Server:
[debug] &amp#27;[35m[WD Proxy]&amp#27;[39m Matched '/status' to command name 'getStatus'
[debug] &amp#27;[35m[WD Proxy]&amp#27;[39m Proxying [GET /status] to [GET http://127.0.0.1:8200/wd/hub/status] with no body
&amp#27;[35m[WD Proxy]&amp#27;[39m socket hang up
[debug] &amp#27;[35m[WD Proxy]&amp#27;[39m Matched '/status' to command name 'getStatus'
[debug] &amp#27;[35m[WD Proxy]&amp#27;[39m Proxying [GET /status] to [GET http://127.0.0.1:8200/wd/hub/status] with no body
[debug] &amp#27;[35m[WD Proxy]&amp#27;[39m Got response with status 200: {"sessionId":"None","value":{"message":"UiAutomator2 Server is ready to accept commands","ready":true}}
[debug] &amp#27;[35m[UiAutomator2]&amp#27;[39m The initialization of the instrumentation process took 2146ms
[debug] &amp#27;[35m[WD Proxy]&amp#27;[39m Matched '/session' to command name 'createSession'
[debug] &amp#27;[35m[WD Proxy]&amp#27;[39m Proxying [POST /session] to [POST http://127.0.0.1:8200/wd/hub/session] with body: {"capabilities":{"firstMatch":[{"platform":"LINUX","webStorageEnabled":false,"takesScreenshot":true,"javascriptEnabled":true,"databaseEnabled":false,"networkConnectionEnabled":true,"locationContextEnabled":false,"warnings":{},"desired":{"platformName":"android","app":"./Test app/ApiDemos-debug.apk","appActivity":"io.appium.android.apis.ApiDemos","appPackage":"io.appium.android.apis","deviceName":"MyAndroid","platformVersion":"8.1.0"},"platformName":"android","app":"./Test app/ApiDemos-debug.apk","appActivity":"io.appium.android.apis.ApiDemos","appPackage":"io.appium.android.apis","deviceName":"emulator-5554","platformVersion":"8.1.0","deviceUDID":"emulator-5554"}],"alwaysMatch":{}}}
[debug] &amp#27;[35m[WD Proxy]&amp#27;[39m Got response with status 200: {"sessionId":"f4299f84-492a-4524-9d1a-809351120f60","value":{"capabilities":{"firstMatch":[{"platform":"LINUX","webStorageEnabled":false,"takesScreenshot":true,"javascriptEnabled":true,"databaseEnabled":false,"networkConnectionEnabled":true,"locationContextEnabled":false,"warnings":{},"desired":{"platformName":"android","app":"./Test app/ApiDemos-debug.apk","appActivity":"io.appium.android.apis.ApiDemos","appPackage":"io.appium.android.apis","deviceName":"MyAndroid","platformVersion":"8.1.0"},"platformName":"android","app":"./Test app/ApiDemos-debug.apk","appActivity":"io.appium.android.apis.ApiDemos","appPackage":"io.appium.android.apis","deviceName":"emulator-5554","platformVersion":"8.1.0","deviceUDID":"emulator-5554"}],"alwaysMatch":{}},"sessionId":"f4299f84-492a-4524-9d1a-809351120f60"}}
&amp#27;[35m[WD Proxy]&amp#27;[39m Determined the downstream protocol as 'W3C'
[debug] &amp#27;[35m[WD Proxy]&amp#27;[39m Proxying [GET /appium/device/info] to [GET http://127.0.0.1:8200/wd/hub/session/f4299f84-492a-4524-9d1a-809351120f60/appium/device/info] with no body
[debug] &amp#27;[35m[WD Proxy]&amp#27;[39m Got response with status 200: {"sessionId":"f4299f84-492a-4524-9d1a-809351120f60","value":{"androidId":"1b9b1efef8b4973b","apiVersion":"27","bluetooth":null,"brand":"google","carrierName":"Android","displayDensity":420,"locale":"en_US","manufacturer":"Google","model":"Android SDK built for x86","networks":[{"capabilities":{"SSID":null,"linkDownBandwidthKbps":102400,"linkUpstreamBandwidthKbps":51200,"networkCapabilities":"NET_CAPABILITY_MMS,NET_CAPABILITY_SUPL,NET_CAPABILITY_DUN,NET_CAPABILITY_FOTA,NET_CAPABILITY_IMS,NET_CAPABILITY_CBS,NET_CAPABILITY_IA,NET_CAPABILITY_INTERNET,NET_CAPABILITY_NOT_RESTRICTED,NET_CAPABILITY_TRUSTED,NET_CAPABILITY_NOT_VPN,NET_CAPABILITY_VALIDATED","signalStrength":-2147483648,"transportTypes":"TRANSPORT_CELLULAR"},"detailedState":"CONNECTED","extraInfo":"epc.tmobile.com","isAvailable":true,"isConnected":true,"isFailover":false,"isRoaming":false,"state":"CONNECTED","subtype":13,"subtypeName":"LTE","type":0,"typeName":"MOBILE"},{"capabilities":{"SSID":null,"linkDownBandwidthKbps":1048576,"linkUpstreamBandwidt...
[debug] &amp#27;[35m[ADB]&amp#27;[39m Running 'C:\Users\ankitpandey02\AppData\Local\Android\Sdk\platform-tools\adb.exe -P 5037 -s emulator-5554 shell dumpsys window'
&amp#27;[35m[AndroidDriver]&amp#27;[39m Screen already unlocked, doing nothing
&amp#27;[35m[UiAutomator2]&amp#27;[39m Starting 'io.appium.android.apis/io.appium.android.apis.ApiDemos and waiting for 'io.appium.android.apis/io.appium.android.apis.ApiDemos'
[debug] &amp#27;[35m[ADB]&amp#27;[39m Running 'C:\Users\ankitpandey02\AppData\Local\Android\Sdk\platform-tools\adb.exe -P 5037 -s emulator-5554 shell am start -W -n io.appium.android.apis/io.appium.android.apis.ApiDemos -S -a android.intent.action.MAIN -c android.intent.category.LAUNCHER -f 0x10200000'
[debug] &amp#27;[35m[WD Proxy]&amp#27;[39m Proxying [GET /appium/device/pixel_ratio] to [GET http://127.0.0.1:8200/wd/hub/session/f4299f84-492a-4524-9d1a-809351120f60/appium/device/pixel_ratio] with no body
[debug] &amp#27;[35m[WD Proxy]&amp#27;[39m Got response with status 200: {"sessionId":"f4299f84-492a-4524-9d1a-809351120f60","value":2.625}
[debug] &amp#27;[35m[WD Proxy]&amp#27;[39m Matched '/appium/device/system_bars' to command name 'getSystemBars'
[debug] &amp#27;[35m[WD Proxy]&amp#27;[39m Proxying [GET /appium/device/system_bars] to [GET http://127.0.0.1:8200/wd/hub/session/f4299f84-492a-4524-9d1a-809351120f60/appium/device/system_bars] with no body
[debug] &amp#27;[35m[WD Proxy]&amp#27;[39m Got response with status 200: {"sessionId":"f4299f84-492a-4524-9d1a-809351120f60","value":{"statusBar":63}}
[debug] &amp#27;[35m[WD Proxy]&amp#27;[39m Matched '/window/current/size' to command name 'getWindowSize'
[debug] &amp#27;[35m[WD Proxy]&amp#27;[39m Proxying [GET /window/current/size] to [GET http://127.0.0.1:8200/wd/hub/session/f4299f84-492a-4524-9d1a-809351120f60/window/current/size] with no body
[debug] &amp#27;[35m[WD Proxy]&amp#27;[39m Got response with status 200: {"sessionId":"f4299f84-492a-4524-9d1a-809351120f60","value":{"height":1794,"width":1080}}
&amp#27;[35m[Appium]&amp#27;[39m New AndroidUiautomator2Driver session created successfully, session c10258a1-a0bb-4c53-a46d-0d4053ce5202 added to master session list
[debug] &amp#27;[35m[BaseDriver]&amp#27;[39m Event 'newSessionStarted' logged at 1647884339319 (23:08:59 GMT+0530 (India Standard Time))
[debug] &amp#27;[35m[W3C (c10258a1)]&amp#27;[39m Cached the protocol value 'W3C' for the new session c10258a1-a0bb-4c53-a46d-0d4053ce5202
[debug] &amp#27;[35m[W3C (c10258a1)]&amp#27;[39m Responding to client with driver.createSession() result: {"capabilities":{"platform":"LINUX","webStorageEnabled":false,"takesScreenshot":true,"javascriptEnabled":true,"databaseEnabled":false,"networkConnectionEnabled":true,"locationContextEnabled":false,"warnings":{},"desired":{"platformName":"android","app":"./Test app/ApiDemos-debug.apk","appActivity":"io.appium.android.apis.ApiDemos","appPackage":"io.appium.android.apis","deviceName":"MyAndroid","platformVersion":"8.1.0"},"platformName":"android","app":"./Test app/ApiDemos-debug.apk","appActivity":"io.appium.android.apis.ApiDemos","appPackage":"io.appium.android.apis","deviceName":"emulator-5554","platformVersion":"8.1.0","deviceUDID":"emulator-5554","deviceApiLevel":27,"deviceScreenSize":"1080x1920","deviceScreenDensity":420,"deviceModel":"Android SDK built for x86","deviceManufacturer":"Google","pixelRatio":2.625,"statBarHeight":63,"viewportRect":{"left":0,"top":63,"width":1080,"height":1731}}}
&amp#27;[35m[HTTP]&amp#27;[39m &amp#27;[37m<-- POST /wd/hub/session &amp#27;[39m&amp#27;[32m200&amp#27;[39m &amp#27;[90m7843 ms - 967&amp#27;[39m
&amp#27;[35m[HTTP]&amp#27;[39m &amp#27;[90m&amp#27;[39m
&amp#27;[35m[HTTP]&amp#27;[39m &amp#27;[37m-->&amp#27;[39m &amp#27;[37mGET&amp#27;[39m &amp#27;[37m/wd/hub/session/c10258a1-a0bb-4c53-a46d-0d4053ce5202&amp#27;[39m
&amp#27;[35m[HTTP]&amp#27;[39m &amp#27;[90m{}&amp#27;[39m
[debug] &amp#27;[35m[W3C (c10258a1)]&amp#27;[39m Calling AppiumDriver.getSession() with args: ["c10258a1-a0bb-4c53-a46d-0d4053ce5202"]
[debug] &amp#27;[35m[UiAutomator2]&amp#27;[39m Getting session details from server to mix in
[debug] &amp#27;[35m[WD Proxy]&amp#27;[39m Matched '/' to command name 'getSession'
[debug] &amp#27;[35m[WD Proxy]&amp#27;[39m Proxying [GET /] to [GET http://127.0.0.1:8200/wd/hub/session/f4299f84-492a-4524-9d1a-809351120f60] with no body
[debug] &amp#27;[35m[WD Proxy]&amp#27;[39m Got response with status 200: {"sessionId":"f4299f84-492a-4524-9d1a-809351120f60","value":{"lastScrollData":null}}
[debug] &amp#27;[35m[W3C (c10258a1)]&amp#27;[39m Responding to client with driver.getSession() result: {"platform":"LINUX","webStorageEnabled":false,"takesScreenshot":true,"javascriptEnabled":true,"databaseEnabled":false,"networkConnectionEnabled":true,"locationContextEnabled":false,"warnings":{},"desired":{"platformName":"android","app":"./Test app/ApiDemos-debug.apk","appActivity":"io.appium.android.apis.ApiDemos","appPackage":"io.appium.android.apis","deviceName":"MyAndroid","platformVersion":"8.1.0"},"platformName":"android","app":"./Test app/ApiDemos-debug.apk","appActivity":"io.appium.android.apis.ApiDemos","appPackage":"io.appium.android.apis","deviceName":"emulator-5554","platformVersion":"8.1.0","deviceUDID":"emulator-5554","deviceApiLevel":27,"deviceScreenSize":"1080x1920","deviceScreenDensity":420,"deviceModel":"Android SDK built for x86","deviceManufacturer":"Google","pixelRatio":2.625,"statBarHeight":63,"viewportRect":{"left":0,"top":63,"width":1080,"height":1731},"lastScrollData":null}
&amp#27;[35m[HTTP]&amp#27;[39m &amp#27;[37m<-- GET /wd/hub/session/c10258a1-a0bb-4c53-a46d-0d4053ce5202 &amp#27;[39m&amp#27;[32m200&amp#27;[39m &amp#27;[90m23 ms - 921&amp#27;[39m
&amp#27;[35m[HTTP]&amp#27;[39m &amp#27;[90m&amp#27;[39m
&amp#27;[35m[HTTP]&amp#27;[39m &amp#27;[37m-->&amp#27;[39m &amp#27;[37mGET&amp#27;[39m &amp#27;[37m/wd/hub/session/c10258a1-a0bb-4c53-a46d-0d4053ce5202&amp#27;[39m
&amp#27;[35m[HTTP]&amp#27;[39m &amp#27;[90m{}&amp#27;[39m
[debug] &amp#27;[35m[W3C (c10258a1)]&amp#27;[39m Calling AppiumDriver.getSession() with args: ["c10258a1-a0bb-4c53-a46d-0d4053ce5202"]
[debug] &amp#27;[35m[UiAutomator2]&amp#27;[39m Getting session details from server to mix in
[debug] &amp#27;[35m[WD Proxy]&amp#27;[39m Matched '/' to command name 'getSession'
[debug] &amp#27;[35m[WD Proxy]&amp#27;[39m Proxying [GET /] to [GET http://127.0.0.1:8200/wd/hub/session/f4299f84-492a-4524-9d1a-809351120f60] with no body
[debug] &amp#27;[35m[WD Proxy]&amp#27;[39m Got response with status 200: {"sessionId":"f4299f84-492a-4524-9d1a-809351120f60","value":{"lastScrollData":null}}
[debug] &amp#27;[35m[W3C (c10258a1)]&amp#27;[39m Responding to client with driver.getSession() result: {"platform":"LINUX","webStorageEnabled":false,"takesScreenshot":true,"javascriptEnabled":true,"databaseEnabled":false,"networkConnectionEnabled":true,"locationContextEnabled":false,"warnings":{},"desired":{"platformName":"android","app":"./Test app/ApiDemos-debug.apk","appActivity":"io.appium.android.apis.ApiDemos","appPackage":"io.appium.android.apis","deviceName":"MyAndroid","platformVersion":"8.1.0"},"platformName":"android","app":"./Test app/ApiDemos-debug.apk","appActivity":"io.appium.android.apis.ApiDemos","appPackage":"io.appium.android.apis","deviceName":"emulator-5554","platformVersion":"8.1.0","deviceUDID":"emulator-5554","deviceApiLevel":27,"deviceScreenSize":"1080x1920","deviceScreenDensity":420,"deviceModel":"Android SDK built for x86","deviceManufacturer":"Google","pixelRatio":2.625,"statBarHeight":63,"viewportRect":{"left":0,"top":63,"width":1080,"height":1731},"lastScrollData":null}
&amp#27;[35m[HTTP]&amp#27;[39m &amp#27;[37m<-- GET /wd/hub/session/c10258a1-a0bb-4c53-a46d-0d4053ce5202 &amp#27;[39m&amp#27;[32m200&amp#27;[39m &amp#27;[90m21 ms - 921&amp#27;[39m
&amp#27;[35m[HTTP]&amp#27;[39m &amp#27;[90m&amp#27;[39m
&amp#27;[35m[HTTP]&amp#27;[39m &amp#27;[37m-->&amp#27;[39m &amp#27;[37mGET&amp#27;[39m &amp#27;[37m/wd/hub/session/c10258a1-a0bb-4c53-a46d-0d4053ce5202&amp#27;[39m
&amp#27;[35m[HTTP]&amp#27;[39m &amp#27;[90m{}&amp#27;[39m
[debug] &amp#27;[35m[W3C (c10258a1)]&amp#27;[39m Calling AppiumDriver.getSession() with args: ["c10258a1-a0bb-4c53-a46d-0d4053ce5202"]
[debug] &amp#27;[35m[UiAutomator2]&amp#27;[39m Getting session details from server to mix in
[debug] &amp#27;[35m[WD Proxy]&amp#27;[39m Matched '/' to command name 'getSession'
[debug] &amp#27;[35m[WD Proxy]&amp#27;[39m Proxying [GET /] to [GET http://127.0.0.1:8200/wd/hub/session/f4299f84-492a-4524-9d1a-809351120f60] with no body
[debug] &amp#27;[35m[WD Proxy]&amp#27;[39m Got response with status 200: {"sessionId":"f4299f84-492a-4524-9d1a-809351120f60","value":{"lastScrollData":null}}
[debug] &amp#27;[35m[W3C (c10258a1)]&amp#27;[39m Responding to client with driver.getSession() result: {"platform":"LINUX","webStorageEnabled":false,"takesScreenshot":true,"javascriptEnabled":true,"databaseEnabled":false,"networkConnectionEnabled":true,"locationContextEnabled":false,"warnings":{},"desired":{"platformName":"android","app":"./Test app/ApiDemos-debug.apk","appActivity":"io.appium.android.apis.ApiDemos","appPackage":"io.appium.android.apis","deviceName":"MyAndroid","platformVersion":"8.1.0"},"platformName":"android","app":"./Test app/ApiDemos-debug.apk","appActivity":"io.appium.android.apis.ApiDemos","appPackage":"io.appium.android.apis","deviceName":"emulator-5554","platformVersion":"8.1.0","deviceUDID":"emulator-5554","deviceApiLevel":27,"deviceScreenSize":"1080x1920","deviceScreenDensity":420,"deviceModel":"Android SDK built for x86","deviceManufacturer":"Google","pixelRatio":2.625,"statBarHeight":63,"viewportRect":{"left":0,"top":63,"width":1080,"height":1731},"lastScrollData":null}
&amp#27;[35m[HTTP]&amp#27;[39m &amp#27;[37m<-- GET /wd/hub/session/c10258a1-a0bb-4c53-a46d-0d4053ce5202 &amp#27;[39m&amp#27;[32m200&amp#27;[39m &amp#27;[90m25 ms - 921&amp#27;[39m
&amp#27;[35m[HTTP]&amp#27;[39m &amp#27;[90m&amp#27;[39m
&amp#27;[35m[HTTP]&amp#27;[39m &amp#27;[37m-->&amp#27;[39m &amp#27;[37mGET&amp#27;[39m &amp#27;[37m/wd/hub/session/c10258a1-a0bb-4c53-a46d-0d4053ce5202&amp#27;[39m
&amp#27;[35m[HTTP]&amp#27;[39m &amp#27;[90m{}&amp#27;[39m
[debug] &amp#27;[35m[W3C (c10258a1)]&amp#27;[39m Calling AppiumDriver.getSession() with args: ["c10258a1-a0bb-4c53-a46d-0d4053ce5202"]
[debug] &amp#27;[35m[UiAutomator2]&amp#27;[39m Getting session details from server to mix in
[debug] &amp#27;[35m[WD Proxy]&amp#27;[39m Matched '/' to command name 'getSession'
[debug] &amp#27;[35m[WD Proxy]&amp#27;[39m Proxying [GET /] to [GET http://127.0.0.1:8200/wd/hub/session/f4299f84-492a-4524-9d1a-809351120f60] with no body
[debug] &amp#27;[35m[WD Proxy]&amp#27;[39m Got response with status 200: {"sessionId":"f4299f84-492a-4524-9d1a-809351120f60","value":{"lastScrollData":null}}
[debug] &amp#27;[35m[W3C (c10258a1)]&amp#27;[39m Responding to client with driver.getSession() result: {"platform":"LINUX","webStorageEnabled":false,"takesScreenshot":true,"javascriptEnabled":true,"databaseEnabled":false,"networkConnectionEnabled":true,"locationContextEnabled":false,"warnings":{},"desired":{"platformName":"android","app":"./Test app/ApiDemos-debug.apk","appActivity":"io.appium.android.apis.ApiDemos","appPackage":"io.appium.android.apis","deviceName":"MyAndroid","platformVersion":"8.1.0"},"platformName":"android","app":"./Test app/ApiDemos-debug.apk","appActivity":"io.appium.android.apis.ApiDemos","appPackage":"io.appium.android.apis","deviceName":"emulator-5554","platformVersion":"8.1.0","deviceUDID":"emulator-5554","deviceApiLevel":27,"deviceScreenSize":"1080x1920","deviceScreenDensity":420,"deviceModel":"Android SDK built for x86","deviceManufacturer":"Google","pixelRatio":2.625,"statBarHeight":63,"viewportRect":{"left":0,"top":63,"width":1080,"height":1731},"lastScrollData":null}
&amp#27;[35m[HTTP]&amp#27;[39m &amp#27;[37m<-- GET /wd/hub/session/c10258a1-a0bb-4c53-a46d-0d4053ce5202 &amp#27;[39m&amp#27;[32m200&amp#27;[39m &amp#27;[90m10 ms - 921&amp#27;[39m
&amp#27;[35m[HTTP]&amp#27;[39m &amp#27;[90m&amp#27;[39m
&amp#27;[35m[HTTP]&amp#27;[39m &amp#27;[37m-->&amp#27;[39m &amp#27;[37mPOST&amp#27;[39m &amp#27;[37m/wd/hub/session/c10258a1-a0bb-4c53-a46d-0d4053ce5202/elements&amp#27;[39m
&amp#27;[35m[HTTP]&amp#27;[39m &amp#27;[90m{"using":"xpath","value":"//android.widget.TextView[@content-desc=\"Animation\"]"}&amp#27;[39m
[debug] &amp#27;[35m[W3C (c10258a1)]&amp#27;[39m Calling AppiumDriver.findElements() with args: ["xpath","//android.widget.TextView[@content-desc=\"Animation\"]","c10258a1-a0bb-4c53-a46d-0d4053ce5202"]
[debug] &amp#27;[35m[BaseDriver]&amp#27;[39m Valid locator strategies for this request: xpath, id, class name, accessibility id, css selector, -android uiautomator
[debug] &amp#27;[35m[BaseDriver]&amp#27;[39m Waiting up to 0 ms for condition
[debug] &amp#27;[35m[WD Proxy]&amp#27;[39m Matched '/elements' to command name 'findElements'
[debug] &amp#27;[35m[WD Proxy]&amp#27;[39m Proxying [POST /elements] to [POST http://127.0.0.1:8200/wd/hub/session/f4299f84-492a-4524-9d1a-809351120f60/elements] with body: {"strategy":"xpath","selector":"//android.widget.TextView[@content-desc=\"Animation\"]","context":"","multiple":true}
[debug] &amp#27;[35m[WD Proxy]&amp#27;[39m Got response with status 200: {"sessionId":"f4299f84-492a-4524-9d1a-809351120f60","value":[{"ELEMENT":"00000000-0000-001d-ffff-ffff00000008","element-6066-11e4-a52e-4f735466cecf":"00000000-0000-001d-ffff-ffff00000008"}]}
[debug] &amp#27;[35m[W3C (c10258a1)]&amp#27;[39m Responding to client with driver.findElements() result: [{"element-6066-11e4-a52e-4f735466cecf":"00000000-0000-001d-ffff-ffff00000008","ELEMENT":"00000000-0000-001d-ffff-ffff00000008"}]
&amp#27;[35m[HTTP]&amp#27;[39m &amp#27;[37m<-- POST /wd/hub/session/c10258a1-a0bb-4c53-a46d-0d4053ce5202/elements &amp#27;[39m&amp#27;[32m200&amp#27;[39m &amp#27;[90m640 ms - 139&amp#27;[39m
&amp#27;[35m[HTTP]&amp#27;[39m &amp#27;[90m&amp#27;[39m
&amp#27;[35m[HTTP]&amp#27;[39m &amp#27;[37m-->&amp#27;[39m &amp#27;[37mGET&amp#27;[39m &amp#27;[37m/wd/hub/session/c10258a1-a0bb-4c53-a46d-0d4053ce5202/element/00000000-0000-001d-ffff-ffff00000008/displayed&amp#27;[39m
&amp#27;[35m[HTTP]&amp#27;[39m &amp#27;[90m{}&amp#27;[39m
[debug] &amp#27;[35m[W3C (c10258a1)]&amp#27;[39m Calling AppiumDriver.elementDisplayed() with args: ["00000000-0000-001d-ffff-ffff00000008","c10258a1-a0bb-4c53-a46d-0d4053ce5202"]
[debug] &amp#27;[35m[WD Proxy]&amp#27;[39m Matched '/element/00000000-0000-001d-ffff-ffff00000008/attribute/displayed' to command name 'getAttribute'
[debug] &amp#27;[35m[WD Proxy]&amp#27;[39m Proxying [GET /element/00000000-0000-001d-ffff-ffff00000008/attribute/displayed] to [GET http://127.0.0.1:8200/wd/hub/session/f4299f84-492a-4524-9d1a-809351120f60/element/00000000-0000-001d-ffff-ffff00000008/attribute/displayed] with no body
[debug] &amp#27;[35m[WD Proxy]&amp#27;[39m Got response with status 200: {"sessionId":"f4299f84-492a-4524-9d1a-809351120f60","value":"true"}
[debug] &amp#27;[35m[W3C (c10258a1)]&amp#27;[39m Responding to client with driver.elementDisplayed() result: true
&amp#27;[35m[HTTP]&amp#27;[39m &amp#27;[37m<-- GET /wd/hub/session/c10258a1-a0bb-4c53-a46d-0d4053ce5202/element/00000000-0000-001d-ffff-ffff00000008/displayed &amp#27;[39m&amp#27;[32m200&amp#27;[39m &amp#27;[90m17 ms - 14&amp#27;[39m
&amp#27;[35m[HTTP]&amp#27;[39m &amp#27;[90m&amp#27;[39m
&amp#27;[35m[HTTP]&amp#27;[39m &amp#27;[37m-->&amp#27;[39m &amp#27;[37mGET&amp#27;[39m &amp#27;[37m/wd/hub/session/c10258a1-a0bb-4c53-a46d-0d4053ce5202&amp#27;[39m
&amp#27;[35m[HTTP]&amp#27;[39m &amp#27;[90m{}&amp#27;[39m
[debug] &amp#27;[35m[W3C (c10258a1)]&amp#27;[39m Calling AppiumDriver.getSession() with args: ["c10258a1-a0bb-4c53-a46d-0d4053ce5202"]
[debug] &amp#27;[35m[UiAutomator2]&amp#27;[39m Getting session details from server to mix in
[debug] &amp#27;[35m[WD Proxy]&amp#27;[39m Matched '/' to command name 'getSession'
[debug] &amp#27;[35m[WD Proxy]&amp#27;[39m Proxying [GET /] to [GET http://127.0.0.1:8200/wd/hub/session/f4299f84-492a-4524-9d1a-809351120f60] with no body
[debug] &amp#27;[35m[WD Proxy]&amp#27;[39m Got response with status 200: {"sessionId":"f4299f84-492a-4524-9d1a-809351120f60","value":{"lastScrollData":null}}
[debug] &amp#27;[35m[W3C (c10258a1)]&amp#27;[39m Responding to client with driver.getSession() result: {"platform":"LINUX","webStorageEnabled":false,"takesScreenshot":true,"javascriptEnabled":true,"databaseEnabled":false,"networkConnectionEnabled":true,"locationContextEnabled":false,"warnings":{},"desired":{"platformName":"android","app":"./Test app/ApiDemos-debug.apk","appActivity":"io.appium.android.apis.ApiDemos","appPackage":"io.appium.android.apis","deviceName":"MyAndroid","platformVersion":"8.1.0"},"platformName":"android","app":"./Test app/ApiDemos-debug.apk","appActivity":"io.appium.android.apis.ApiDemos","appPackage":"io.appium.android.apis","deviceName":"emulator-5554","platformVersion":"8.1.0","deviceUDID":"emulator-5554","deviceApiLevel":27,"deviceScreenSize":"1080x1920","deviceScreenDensity":420,"deviceModel":"Android SDK built for x86","deviceManufacturer":"Google","pixelRatio":2.625,"statBarHeight":63,"viewportRect":{"left":0,"top":63,"width":1080,"height":1731},"lastScrollData":null}
&amp#27;[35m[HTTP]&amp#27;[39m &amp#27;[37m<-- GET /wd/hub/session/c10258a1-a0bb-4c53-a46d-0d4053ce5202 &amp#27;[39m&amp#27;[32m200&amp#27;[39m &amp#27;[90m10 ms - 921&amp#27;[39m
&amp#27;[35m[HTTP]&amp#27;[39m &amp#27;[90m&amp#27;[39m
&amp#27;[35m[HTTP]&amp#27;[39m &amp#27;[37m-->&amp#27;[39m &amp#27;[37mPOST&amp#27;[39m &amp#27;[37m/wd/hub/session/c10258a1-a0bb-4c53-a46d-0d4053ce5202/element&amp#27;[39m
&amp#27;[35m[HTTP]&amp#27;[39m &amp#27;[90m{"using":"xpath","value":"//android.widget.TextView[@content-desc=\"Animation\"]"}&amp#27;[39m
[debug] &amp#27;[35m[W3C (c10258a1)]&amp#27;[39m Calling AppiumDriver.findElement() with args: ["xpath","//android.widget.TextView[@content-desc=\"Animation\"]","c10258a1-a0bb-4c53-a46d-0d4053ce5202"]
[debug] &amp#27;[35m[BaseDriver]&amp#27;[39m Valid locator strategies for this request: xpath, id, class name, accessibility id, css selector, -android uiautomator
[debug] &amp#27;[35m[BaseDriver]&amp#27;[39m Waiting up to 0 ms for condition
[debug] &amp#27;[35m[WD Proxy]&amp#27;[39m Matched '/element' to command name 'findElement'
[debug] &amp#27;[35m[WD Proxy]&amp#27;[39m Proxying [POST /element] to [POST http://127.0.0.1:8200/wd/hub/session/f4299f84-492a-4524-9d1a-809351120f60/element] with body: {"strategy":"xpath","selector":"//android.widget.TextView[@content-desc=\"Animation\"]","context":"","multiple":false}
[debug] &amp#27;[35m[WD Proxy]&amp#27;[39m Got response with status 200: {"sessionId":"f4299f84-492a-4524-9d1a-809351120f60","value":{"ELEMENT":"00000000-0000-001d-ffff-ffff00000008","element-6066-11e4-a52e-4f735466cecf":"00000000-0000-001d-ffff-ffff00000008"}}
[debug] &amp#27;[35m[W3C (c10258a1)]&amp#27;[39m Responding to client with driver.findElement() result: {"element-6066-11e4-a52e-4f735466cecf":"00000000-0000-001d-ffff-ffff00000008","ELEMENT":"00000000-0000-001d-ffff-ffff00000008"}
&amp#27;[35m[HTTP]&amp#27;[39m &amp#27;[37m<-- POST /wd/hub/session/c10258a1-a0bb-4c53-a46d-0d4053ce5202/element &amp#27;[39m&amp#27;[32m200&amp#27;[39m &amp#27;[90m69 ms - 137&amp#27;[39m
&amp#27;[35m[HTTP]&amp#27;[39m &amp#27;[90m&amp#27;[39m
&amp#27;[35m[HTTP]&amp#27;[39m &amp#27;[37m-->&amp#27;[39m &amp#27;[37mPOST&amp#27;[39m &amp#27;[37m/wd/hub/session/c10258a1-a0bb-4c53-a46d-0d4053ce5202/touch/perform&amp#27;[39m
&amp#27;[35m[HTTP]&amp#27;[39m &amp#27;[90m{"actions":[{"action":"tap","options":{"element":"00000000-0000-001d-ffff-ffff00000008"}}]}&amp#27;[39m
[debug] &amp#27;[35m[W3C (c10258a1)]&amp#27;[39m Calling AppiumDriver.performTouch() with args: [[{"action":"tap","options":{"element":"00000000-0000-001d-ffff-ffff00000008"}}],"c10258a1-a0bb-4c53-a46d-0d4053ce5202"]
&amp#27;[35m[UiAutomator2]&amp#27;[39m calling get location: 00000000-0000-001d-ffff-ffff00000008
[debug] &amp#27;[35m[WD Proxy]&amp#27;[39m Matched '/element/00000000-0000-001d-ffff-ffff00000008/location' to command name 'getLocation'
[debug] &amp#27;[35m[WD Proxy]&amp#27;[39m Proxying [GET /element/00000000-0000-001d-ffff-ffff00000008/location] to [GET http://127.0.0.1:8200/wd/hub/session/f4299f84-492a-4524-9d1a-809351120f60/element/00000000-0000-001d-ffff-ffff00000008/location] with no body
[debug] &amp#27;[35m[WD Proxy]&amp#27;[39m Got response with status 200: {"sessionId":"f4299f84-492a-4524-9d1a-809351120f60","value":{"x":0,"y":339}}
[debug] &amp#27;[35m[WD Proxy]&amp#27;[39m Matched '/element/00000000-0000-001d-ffff-ffff00000008/size' to command name 'getSize'
[debug] &amp#27;[35m[WD Proxy]&amp#27;[39m Proxying [GET /element/00000000-0000-001d-ffff-ffff00000008/size] to [GET http://127.0.0.1:8200/wd/hub/session/f4299f84-492a-4524-9d1a-809351120f60/element/00000000-0000-001d-ffff-ffff00000008/size] with no body
[debug] &amp#27;[35m[WD Proxy]&amp#27;[39m Got response with status 200: {"sessionId":"f4299f84-492a-4524-9d1a-809351120f60","value":{"height":126,"width":1080}}
[debug] &amp#27;[35m[WD Proxy]&amp#27;[39m Proxying [POST /appium/tap] to [POST http://127.0.0.1:8200/wd/hub/session/f4299f84-492a-4524-9d1a-809351120f60/appium/tap] with body: {"x":540,"y":402,"undefined":null}
[debug] &amp#27;[35m[WD Proxy]&amp#27;[39m Got response with status 200: {"sessionId":"f4299f84-492a-4524-9d1a-809351120f60","value":null}
[debug] &amp#27;[35m[W3C (c10258a1)]&amp#27;[39m Responding to client with driver.performTouch() result: null
&amp#27;[35m[HTTP]&amp#27;[39m &amp#27;[37m<-- POST /wd/hub/session/c10258a1-a0bb-4c53-a46d-0d4053ce5202/touch/perform &amp#27;[39m&amp#27;[32m200&amp#27;[39m &amp#27;[90m162 ms - 14&amp#27;[39m
&amp#27;[35m[HTTP]&amp#27;[39m &amp#27;[90m&amp#27;[39m
&amp#27;[35m[HTTP]&amp#27;[39m &amp#27;[37m-->&amp#27;[39m &amp#27;[37mGET&amp#27;[39m &amp#27;[37m/wd/hub/session/c10258a1-a0bb-4c53-a46d-0d4053ce5202&amp#27;[39m
&amp#27;[35m[HTTP]&amp#27;[39m &amp#27;[90m{}&amp#27;[39m
[debug] &amp#27;[35m[W3C (c10258a1)]&amp#27;[39m Calling AppiumDriver.getSession() with args: ["c10258a1-a0bb-4c53-a46d-0d4053ce5202"]
[debug] &amp#27;[35m[UiAutomator2]&amp#27;[39m Getting session details from server to mix in
[debug] &amp#27;[35m[WD Proxy]&amp#27;[39m Matched '/' to command name 'getSession'
[debug] &amp#27;[35m[WD Proxy]&amp#27;[39m Proxying [GET /] to [GET http://127.0.0.1:8200/wd/hub/session/f4299f84-492a-4524-9d1a-809351120f60] with no body
[debug] &amp#27;[35m[WD Proxy]&amp#27;[39m Got response with status 200: {"sessionId":"f4299f84-492a-4524-9d1a-809351120f60","value":{"lastScrollData":null}}
[debug] &amp#27;[35m[W3C (c10258a1)]&amp#27;[39m Responding to client with driver.getSession() result: {"platform":"LINUX","webStorageEnabled":false,"takesScreenshot":true,"javascriptEnabled":true,"databaseEnabled":false,"networkConnectionEnabled":true,"locationContextEnabled":false,"warnings":{},"desired":{"platformName":"android","app":"./Test app/ApiDemos-debug.apk","appActivity":"io.appium.android.apis.ApiDemos","appPackage":"io.appium.android.apis","deviceName":"MyAndroid","platformVersion":"8.1.0"},"platformName":"android","app":"./Test app/ApiDemos-debug.apk","appActivity":"io.appium.android.apis.ApiDemos","appPackage":"io.appium.android.apis","deviceName":"emulator-5554","platformVersion":"8.1.0","deviceUDID":"emulator-5554","deviceApiLevel":27,"deviceScreenSize":"1080x1920","deviceScreenDensity":420,"deviceModel":"Android SDK built for x86","deviceManufacturer":"Google","pixelRatio":2.625,"statBarHeight":63,"viewportRect":{"left":0,"top":63,"width":1080,"height":1731},"lastScrollData":null}
&amp#27;[35m[HTTP]&amp#27;[39m &amp#27;[37m<-- GET /wd/hub/session/c10258a1-a0bb-4c53-a46d-0d4053ce5202 &amp#27;[39m&amp#27;[32m200&amp#27;[39m &amp#27;[90m11 ms - 921&amp#27;[39m
&amp#27;[35m[HTTP]&amp#27;[39m &amp#27;[90m&amp#27;[39m
&amp#27;[35m[HTTP]&amp#27;[39m &amp#27;[37m-->&amp#27;[39m &amp#27;[37mGET&amp#27;[39m &amp#27;[37m/wd/hub/session/c10258a1-a0bb-4c53-a46d-0d4053ce5202&amp#27;[39m
&amp#27;[35m[HTTP]&amp#27;[39m &amp#27;[90m{}&amp#27;[39m
[debug] &amp#27;[35m[W3C (c10258a1)]&amp#27;[39m Calling AppiumDriver.getSession() with args: ["c10258a1-a0bb-4c53-a46d-0d4053ce5202"]
[debug] &amp#27;[35m[UiAutomator2]&amp#27;[39m Getting session details from server to mix in
[debug] &amp#27;[35m[WD Proxy]&amp#27;[39m Matched '/' to command name 'getSession'
[debug] &amp#27;[35m[WD Proxy]&amp#27;[39m Proxying [GET /] to [GET http://127.0.0.1:8200/wd/hub/session/f4299f84-492a-4524-9d1a-809351120f60] with no body
[debug] &amp#27;[35m[WD Proxy]&amp#27;[39m Got response with status 200: {"sessionId":"f4299f84-492a-4524-9d1a-809351120f60","value":{"lastScrollData":null}}
[debug] &amp#27;[35m[W3C (c10258a1)]&amp#27;[39m Responding to client with driver.getSession() result: {"platform":"LINUX","webStorageEnabled":false,"takesScreenshot":true,"javascriptEnabled":true,"databaseEnabled":false,"networkConnectionEnabled":true,"locationContextEnabled":false,"warnings":{},"desired":{"platformName":"android","app":"./Test app/ApiDemos-debug.apk","appActivity":"io.appium.android.apis.ApiDemos","appPackage":"io.appium.android.apis","deviceName":"MyAndroid","platformVersion":"8.1.0"},"platformName":"android","app":"./Test app/ApiDemos-debug.apk","appActivity":"io.appium.android.apis.ApiDemos","appPackage":"io.appium.android.apis","deviceName":"emulator-5554","platformVersion":"8.1.0","deviceUDID":"emulator-5554","deviceApiLevel":27,"deviceScreenSize":"1080x1920","deviceScreenDensity":420,"deviceModel":"Android SDK built for x86","deviceManufacturer":"Google","pixelRatio":2.625,"statBarHeight":63,"viewportRect":{"left":0,"top":63,"width":1080,"height":1731},"lastScrollData":null}
&amp#27;[35m[HTTP]&amp#27;[39m &amp#27;[37m<-- GET /wd/hub/session/c10258a1-a0bb-4c53-a46d-0d4053ce5202 &amp#27;[39m&amp#27;[32m200&amp#27;[39m &amp#27;[90m9 ms - 921&amp#27;[39m
&amp#27;[35m[HTTP]&amp#27;[39m &amp#27;[90m&amp#27;[39m
&amp#27;[35m[HTTP]&amp#27;[39m &amp#27;[37m-->&amp#27;[39m &amp#27;[37mPOST&amp#27;[39m &amp#27;[37m/wd/hub/session/c10258a1-a0bb-4c53-a46d-0d4053ce5202/elements&amp#27;[39m
&amp#27;[35m[HTTP]&amp#27;[39m &amp#27;[90m{"using":"xpath","value":"//android.widget.TextView[@content-desc=\"Hide-Show Animations\"]"}&amp#27;[39m
[debug] &amp#27;[35m[W3C (c10258a1)]&amp#27;[39m Calling AppiumDriver.findElements() with args: ["xpath","//android.widget.TextView[@content-desc=\"Hide-Show Animations\"]","c10258a1-a0bb-4c53-a46d-0d4053ce5202"]
[debug] &amp#27;[35m[BaseDriver]&amp#27;[39m Valid locator strategies for this request: xpath, id, class name, accessibility id, css selector, -android uiautomator
[debug] &amp#27;[35m[BaseDriver]&amp#27;[39m Waiting up to 0 ms for condition
[debug] &amp#27;[35m[WD Proxy]&amp#27;[39m Matched '/elements' to command name 'findElements'
[debug] &amp#27;[35m[WD Proxy]&amp#27;[39m Proxying [POST /elements] to [POST http://127.0.0.1:8200/wd/hub/session/f4299f84-492a-4524-9d1a-809351120f60/elements] with body: {"strategy":"xpath","selector":"//android.widget.TextView[@content-desc=\"Hide-Show Animations\"]","context":"","multiple":true}
[debug] &amp#27;[35m[WD Proxy]&amp#27;[39m Got response with status 200: {"sessionId":"f4299f84-492a-4524-9d1a-809351120f60","value":[{"ELEMENT":"00000000-0000-001e-ffff-ffff0000001e","element-6066-11e4-a52e-4f735466cecf":"00000000-0000-001e-ffff-ffff0000001e"}]}
[debug] &amp#27;[35m[W3C (c10258a1)]&amp#27;[39m Responding to client with driver.findElements() result: [{"element-6066-11e4-a52e-4f735466cecf":"00000000-0000-001e-ffff-ffff0000001e","ELEMENT":"00000000-0000-001e-ffff-ffff0000001e"}]
&amp#27;[35m[HTTP]&amp#27;[39m &amp#27;[37m<-- POST /wd/hub/session/c10258a1-a0bb-4c53-a46d-0d4053ce5202/elements &amp#27;[39m&amp#27;[32m200&amp#27;[39m &amp#27;[90m1150 ms - 139&amp#27;[39m
&amp#27;[35m[HTTP]&amp#27;[39m &amp#27;[90m&amp#27;[39m
&amp#27;[35m[HTTP]&amp#27;[39m &amp#27;[37m-->&amp#27;[39m &amp#27;[37mGET&amp#27;[39m &amp#27;[37m/wd/hub/session/c10258a1-a0bb-4c53-a46d-0d4053ce5202/element/00000000-0000-001e-ffff-ffff0000001e/displayed&amp#27;[39m
&amp#27;[35m[HTTP]&amp#27;[39m &amp#27;[90m{}&amp#27;[39m
[debug] &amp#27;[35m[W3C (c10258a1)]&amp#27;[39m Calling AppiumDriver.elementDisplayed() with args: ["00000000-0000-001e-ffff-ffff0000001e","c10258a1-a0bb-4c53-a46d-0d4053ce5202"]
[debug] &amp#27;[35m[WD Proxy]&amp#27;[39m Matched '/element/00000000-0000-001e-ffff-ffff0000001e/attribute/displayed' to command name 'getAttribute'
[debug] &amp#27;[35m[WD Proxy]&amp#27;[39m Proxying [GET /element/00000000-0000-001e-ffff-ffff0000001e/attribute/displayed] to [GET http://127.0.0.1:8200/wd/hub/session/f4299f84-492a-4524-9d1a-809351120f60/element/00000000-0000-001e-ffff-ffff0000001e/attribute/displayed] with no body
[debug] &amp#27;[35m[WD Proxy]&amp#27;[39m Got response with status 200: {"sessionId":"f4299f84-492a-4524-9d1a-809351120f60","value":"true"}
[debug] &amp#27;[35m[W3C (c10258a1)]&amp#27;[39m Responding to client with driver.elementDisplayed() result: true
&amp#27;[35m[HTTP]&amp#27;[39m &amp#27;[37m<-- GET /wd/hub/session/c10258a1-a0bb-4c53-a46d-0d4053ce5202/element/00000000-0000-001e-ffff-ffff0000001e/displayed &amp#27;[39m&amp#27;[32m200&amp#27;[39m &amp#27;[90m15 ms - 14&amp#27;[39m
&amp#27;[35m[HTTP]&amp#27;[39m &amp#27;[90m&amp#27;[39m
&amp#27;[35m[HTTP]&amp#27;[39m &amp#27;[37m-->&amp#27;[39m &amp#27;[37mGET&amp#27;[39m &amp#27;[37m/wd/hub/session/c10258a1-a0bb-4c53-a46d-0d4053ce5202&amp#27;[39m
&amp#27;[35m[HTTP]&amp#27;[39m &amp#27;[90m{}&amp#27;[39m
[debug] &amp#27;[35m[W3C (c10258a1)]&amp#27;[39m Calling AppiumDriver.getSession() with args: ["c10258a1-a0bb-4c53-a46d-0d4053ce5202"]
[debug] &amp#27;[35m[UiAutomator2]&amp#27;[39m Getting session details from server to mix in
[debug] &amp#27;[35m[WD Proxy]&amp#27;[39m Matched '/' to command name 'getSession'
[debug] &amp#27;[35m[WD Proxy]&amp#27;[39m Proxying [GET /] to [GET http://127.0.0.1:8200/wd/hub/session/f4299f84-492a-4524-9d1a-809351120f60] with no body
[debug] &amp#27;[35m[WD Proxy]&amp#27;[39m Got response with status 200: {"sessionId":"f4299f84-492a-4524-9d1a-809351120f60","value":{"lastScrollData":null}}
[debug] &amp#27;[35m[W3C (c10258a1)]&amp#27;[39m Responding to client with driver.getSession() result: {"platform":"LINUX","webStorageEnabled":false,"takesScreenshot":true,"javascriptEnabled":true,"databaseEnabled":false,"networkConnectionEnabled":true,"locationContextEnabled":false,"warnings":{},"desired":{"platformName":"android","app":"./Test app/ApiDemos-debug.apk","appActivity":"io.appium.android.apis.ApiDemos","appPackage":"io.appium.android.apis","deviceName":"MyAndroid","platformVersion":"8.1.0"},"platformName":"android","app":"./Test app/ApiDemos-debug.apk","appActivity":"io.appium.android.apis.ApiDemos","appPackage":"io.appium.android.apis","deviceName":"emulator-5554","platformVersion":"8.1.0","deviceUDID":"emulator-5554","deviceApiLevel":27,"deviceScreenSize":"1080x1920","deviceScreenDensity":420,"deviceModel":"Android SDK built for x86","deviceManufacturer":"Google","pixelRatio":2.625,"statBarHeight":63,"viewportRect":{"left":0,"top":63,"width":1080,"height":1731},"lastScrollData":null}
&amp#27;[35m[HTTP]&amp#27;[39m &amp#27;[37m<-- GET /wd/hub/session/c10258a1-a0bb-4c53-a46d-0d4053ce5202 &amp#27;[39m&amp#27;[32m200&amp#27;[39m &amp#27;[90m9 ms - 921&amp#27;[39m
&amp#27;[35m[HTTP]&amp#27;[39m &amp#27;[90m&amp#27;[39m
&amp#27;[35m[HTTP]&amp#27;[39m &amp#27;[37m-->&amp#27;[39m &amp#27;[37mPOST&amp#27;[39m &amp#27;[37m/wd/hub/session/c10258a1-a0bb-4c53-a46d-0d4053ce5202/element&amp#27;[39m
&amp#27;[35m[HTTP]&amp#27;[39m &amp#27;[90m{"using":"xpath","value":"//android.widget.TextView[@content-desc=\"Hide-Show Animations\"]"}&amp#27;[39m
[debug] &amp#27;[35m[W3C (c10258a1)]&amp#27;[39m Calling AppiumDriver.findElement() with args: ["xpath","//android.widget.TextView[@content-desc=\"Hide-Show Animations\"]","c10258a1-a0bb-4c53-a46d-0d4053ce5202"]
[debug] &amp#27;[35m[BaseDriver]&amp#27;[39m Valid locator strategies for this request: xpath, id, class name, accessibility id, css selector, -android uiautomator
[debug] &amp#27;[35m[BaseDriver]&amp#27;[39m Waiting up to 0 ms for condition
[debug] &amp#27;[35m[WD Proxy]&amp#27;[39m Matched '/element' to command name 'findElement'
[debug] &amp#27;[35m[WD Proxy]&amp#27;[39m Proxying [POST /element] to [POST http://127.0.0.1:8200/wd/hub/session/f4299f84-492a-4524-9d1a-809351120f60/element] with body: {"strategy":"xpath","selector":"//android.widget.TextView[@content-desc=\"Hide-Show Animations\"]","context":"","multiple":false}
[debug] &amp#27;[35m[WD Proxy]&amp#27;[39m Got response with status 200: {"sessionId":"f4299f84-492a-4524-9d1a-809351120f60","value":{"ELEMENT":"00000000-0000-001e-ffff-ffff0000001e","element-6066-11e4-a52e-4f735466cecf":"00000000-0000-001e-ffff-ffff0000001e"}}
[debug] &amp#27;[35m[W3C (c10258a1)]&amp#27;[39m Responding to client with driver.findElement() result: {"element-6066-11e4-a52e-4f735466cecf":"00000000-0000-001e-ffff-ffff0000001e","ELEMENT":"00000000-0000-001e-ffff-ffff0000001e"}
&amp#27;[35m[HTTP]&amp#27;[39m &amp#27;[37m<-- POST /wd/hub/session/c10258a1-a0bb-4c53-a46d-0d4053ce5202/element &amp#27;[39m&amp#27;[32m200&amp#27;[39m &amp#27;[90m63 ms - 137&amp#27;[39m
&amp#27;[35m[HTTP]&amp#27;[39m &amp#27;[90m&amp#27;[39m
&amp#27;[35m[HTTP]&amp#27;[39m &amp#27;[37m-->&amp#27;[39m &amp#27;[37mPOST&amp#27;[39m &amp#27;[37m/wd/hub/session/c10258a1-a0bb-4c53-a46d-0d4053ce5202/touch/perform&amp#27;[39m
&amp#27;[35m[HTTP]&amp#27;[39m &amp#27;[90m{"actions":[{"action":"tap","options":{"element":"00000000-0000-001e-ffff-ffff0000001e"}}]}&amp#27;[39m
[debug] &amp#27;[35m[W3C (c10258a1)]&amp#27;[39m Calling AppiumDriver.performTouch() with args: [[{"action":"tap","options":{"element":"00000000-0000-001e-ffff-ffff0000001e"}}],"c10258a1-a0bb-4c53-a46d-0d4053ce5202"]
&amp#27;[35m[UiAutomator2]&amp#27;[39m calling get location: 00000000-0000-001e-ffff-ffff0000001e
[debug] &amp#27;[35m[WD Proxy]&amp#27;[39m Matched '/element/00000000-0000-001e-ffff-ffff0000001e/location' to command name 'getLocation'
[debug] &amp#27;[35m[WD Proxy]&amp#27;[39m Proxying [GET /element/00000000-0000-001e-ffff-ffff0000001e/location] to [GET http://127.0.0.1:8200/wd/hub/session/f4299f84-492a-4524-9d1a-809351120f60/element/00000000-0000-001e-ffff-ffff0000001e/location] with no body
[debug] &amp#27;[35m[WD Proxy]&amp#27;[39m Got response with status 200: {"sessionId":"f4299f84-492a-4524-9d1a-809351120f60","value":{"x":0,"y":855}}
[debug] &amp#27;[35m[WD Proxy]&amp#27;[39m Matched '/element/00000000-0000-001e-ffff-ffff0000001e/size' to command name 'getSize'
[debug] &amp#27;[35m[WD Proxy]&amp#27;[39m Proxying [GET /element/00000000-0000-001e-ffff-ffff0000001e/size] to [GET http://127.0.0.1:8200/wd/hub/session/f4299f84-492a-4524-9d1a-809351120f60/element/00000000-0000-001e-ffff-ffff0000001e/size] with no body
[debug] &amp#27;[35m[WD Proxy]&amp#27;[39m Got response with status 200: {"sessionId":"f4299f84-492a-4524-9d1a-809351120f60","value":{"height":126,"width":1080}}
[debug] &amp#27;[35m[WD Proxy]&amp#27;[39m Proxying [POST /appium/tap] to [POST http://127.0.0.1:8200/wd/hub/session/f4299f84-492a-4524-9d1a-809351120f60/appium/tap] with body: {"x":540,"y":918,"undefined":null}
[debug] &amp#27;[35m[WD Proxy]&amp#27;[39m Got response with status 200: {"sessionId":"f4299f84-492a-4524-9d1a-809351120f60","value":null}
[debug] &amp#27;[35m[W3C (c10258a1)]&amp#27;[39m Responding to client with driver.performTouch() result: null
&amp#27;[35m[HTTP]&amp#27;[39m &amp#27;[37m<-- POST /wd/hub/session/c10258a1-a0bb-4c53-a46d-0d4053ce5202/touch/perform &amp#27;[39m&amp#27;[32m200&amp#27;[39m &amp#27;[90m1210 ms - 14&amp#27;[39m
&amp#27;[35m[HTTP]&amp#27;[39m &amp#27;[90m&amp#27;[39m
&amp#27;[35m[HTTP]&amp#27;[39m &amp#27;[37m-->&amp#27;[39m &amp#27;[37mGET&amp#27;[39m &amp#27;[37m/wd/hub/session/c10258a1-a0bb-4c53-a46d-0d4053ce5202&amp#27;[39m
&amp#27;[35m[HTTP]&amp#27;[39m &amp#27;[90m{}&amp#27;[39m
[debug] &amp#27;[35m[W3C (c10258a1)]&amp#27;[39m Calling AppiumDriver.getSession() with args: ["c10258a1-a0bb-4c53-a46d-0d4053ce5202"]
[debug] &amp#27;[35m[UiAutomator2]&amp#27;[39m Getting session details from server to mix in
[debug] &amp#27;[35m[WD Proxy]&amp#27;[39m Matched '/' to command name 'getSession'
[debug] &amp#27;[35m[WD Proxy]&amp#27;[39m Proxying [GET /] to [GET http://127.0.0.1:8200/wd/hub/session/f4299f84-492a-4524-9d1a-809351120f60] with no body
[debug] &amp#27;[35m[WD Proxy]&amp#27;[39m Got response with status 200: {"sessionId":"f4299f84-492a-4524-9d1a-809351120f60","value":{"lastScrollData":null}}
[debug] &amp#27;[35m[W3C (c10258a1)]&amp#27;[39m Responding to client with driver.getSession() result: {"platform":"LINUX","webStorageEnabled":false,"takesScreenshot":true,"javascriptEnabled":true,"databaseEnabled":false,"networkConnectionEnabled":true,"locationContextEnabled":false,"warnings":{},"desired":{"platformName":"android","app":"./Test app/ApiDemos-debug.apk","appActivity":"io.appium.android.apis.ApiDemos","appPackage":"io.appium.android.apis","deviceName":"MyAndroid","platformVersion":"8.1.0"},"platformName":"android","app":"./Test app/ApiDemos-debug.apk","appActivity":"io.appium.android.apis.ApiDemos","appPackage":"io.appium.android.apis","deviceName":"emulator-5554","platformVersion":"8.1.0","deviceUDID":"emulator-5554","deviceApiLevel":27,"deviceScreenSize":"1080x1920","deviceScreenDensity":420,"deviceModel":"Android SDK built for x86","deviceManufacturer":"Google","pixelRatio":2.625,"statBarHeight":63,"viewportRect":{"left":0,"top":63,"width":1080,"height":1731},"lastScrollData":null}
&amp#27;[35m[HTTP]&amp#27;[39m &amp#27;[37m<-- GET /wd/hub/session/c10258a1-a0bb-4c53-a46d-0d4053ce5202 &amp#27;[39m&amp#27;[32m200&amp#27;[39m &amp#27;[90m12 ms - 921&amp#27;[39m
&amp#27;[35m[HTTP]&amp#27;[39m &amp#27;[90m&amp#27;[39m
&amp#27;[35m[HTTP]&amp#27;[39m &amp#27;[37m-->&amp#27;[39m &amp#27;[37mGET&amp#27;[39m &amp#27;[37m/wd/hub/session/c10258a1-a0bb-4c53-a46d-0d4053ce5202&amp#27;[39m
&amp#27;[35m[HTTP]&amp#27;[39m &amp#27;[90m{}&amp#27;[39m
[debug] &amp#27;[35m[W3C (c10258a1)]&amp#27;[39m Calling AppiumDriver.getSession() with args: ["c10258a1-a0bb-4c53-a46d-0d4053ce5202"]
[debug] &amp#27;[35m[UiAutomator2]&amp#27;[39m Getting session details from server to mix in
[debug] &amp#27;[35m[WD Proxy]&amp#27;[39m Matched '/' to command name 'getSession'
[debug] &amp#27;[35m[WD Proxy]&amp#27;[39m Proxying [GET /] to [GET http://127.0.0.1:8200/wd/hub/session/f4299f84-492a-4524-9d1a-809351120f60] with no body
[debug] &amp#27;[35m[WD Proxy]&amp#27;[39m Got response with status 200: {"sessionId":"f4299f84-492a-4524-9d1a-809351120f60","value":{"lastScrollData":null}}
[debug] &amp#27;[35m[W3C (c10258a1)]&amp#27;[39m Responding to client with driver.getSession() result: {"platform":"LINUX","webStorageEnabled":false,"takesScreenshot":true,"javascriptEnabled":true,"databaseEnabled":false,"networkConnectionEnabled":true,"locationContextEnabled":false,"warnings":{},"desired":{"platformName":"android","app":"./Test app/ApiDemos-debug.apk","appActivity":"io.appium.android.apis.ApiDemos","appPackage":"io.appium.android.apis","deviceName":"MyAndroid","platformVersion":"8.1.0"},"platformName":"android","app":"./Test app/ApiDemos-debug.apk","appActivity":"io.appium.android.apis.ApiDemos","appPackage":"io.appium.android.apis","deviceName":"emulator-5554","platformVersion":"8.1.0","deviceUDID":"emulator-5554","deviceApiLevel":27,"deviceScreenSize":"1080x1920","deviceScreenDensity":420,"deviceModel":"Android SDK built for x86","deviceManufacturer":"Google","pixelRatio":2.625,"statBarHeight":63,"viewportRect":{"left":0,"top":63,"width":1080,"height":1731},"lastScrollData":null}
&amp#27;[35m[HTTP]&amp#27;[39m &amp#27;[37m<-- GET /wd/hub/session/c10258a1-a0bb-4c53-a46d-0d4053ce5202 &amp#27;[39m&amp#27;[32m200&amp#27;[39m &amp#27;[90m11 ms - 921&amp#27;[39m
&amp#27;[35m[HTTP]&amp#27;[39m &amp#27;[90m&amp#27;[39m
&amp#27;[35m[HTTP]&amp#27;[39m &amp#27;[37m-->&amp#27;[39m &amp#27;[37mPOST&amp#27;[39m &amp#27;[37m/wd/hub/session/c10258a1-a0bb-4c53-a46d-0d4053ce5202/elements&amp#27;[39m
&amp#27;[35m[HTTP]&amp#27;[39m &amp#27;[90m{"using":"xpath","value":"//android.widget.CheckBox[@content-desc=\"Custom Animations\"]"}&amp#27;[39m
[debug] &amp#27;[35m[W3C (c10258a1)]&amp#27;[39m Calling AppiumDriver.findElements() with args: ["xpath","//android.widget.CheckBox[@content-desc=\"Custom Animations\"]","c10258a1-a0bb-4c53-a46d-0d4053ce5202"]
[debug] &amp#27;[35m[BaseDriver]&amp#27;[39m Valid locator strategies for this request: xpath, id, class name, accessibility id, css selector, -android uiautomator
[debug] &amp#27;[35m[BaseDriver]&amp#27;[39m Waiting up to 0 ms for condition
[debug] &amp#27;[35m[WD Proxy]&amp#27;[39m Matched '/elements' to command name 'findElements'
[debug] &amp#27;[35m[WD Proxy]&amp#27;[39m Proxying [POST /elements] to [POST http://127.0.0.1:8200/wd/hub/session/f4299f84-492a-4524-9d1a-809351120f60/elements] with body: {"strategy":"xpath","selector":"//android.widget.CheckBox[@content-desc=\"Custom Animations\"]","context":"","multiple":true}
[debug] &amp#27;[35m[WD Proxy]&amp#27;[39m Got response with status 200: {"sessionId":"f4299f84-492a-4524-9d1a-809351120f60","value":[{"ELEMENT":"00000000-0000-001f-ffff-ffff0000002e","element-6066-11e4-a52e-4f735466cecf":"00000000-0000-001f-ffff-ffff0000002e"}]}
[debug] &amp#27;[35m[W3C (c10258a1)]&amp#27;[39m Responding to client with driver.findElements() result: [{"element-6066-11e4-a52e-4f735466cecf":"00000000-0000-001f-ffff-ffff0000002e","ELEMENT":"00000000-0000-001f-ffff-ffff0000002e"}]
&amp#27;[35m[HTTP]&amp#27;[39m &amp#27;[37m<-- POST /wd/hub/session/c10258a1-a0bb-4c53-a46d-0d4053ce5202/elements &amp#27;[39m&amp#27;[32m200&amp#27;[39m &amp#27;[90m67 ms - 139&amp#27;[39m
&amp#27;[35m[HTTP]&amp#27;[39m &amp#27;[90m&amp#27;[39m
&amp#27;[35m[HTTP]&amp#27;[39m &amp#27;[37m-->&amp#27;[39m &amp#27;[37mGET&amp#27;[39m &amp#27;[37m/wd/hub/session/c10258a1-a0bb-4c53-a46d-0d4053ce5202/element/00000000-0000-001f-ffff-ffff0000002e/displayed&amp#27;[39m
&amp#27;[35m[HTTP]&amp#27;[39m &amp#27;[90m{}&amp#27;[39m
[debug] &amp#27;[35m[W3C (c10258a1)]&amp#27;[39m Calling AppiumDriver.elementDisplayed() with args: ["00000000-0000-001f-ffff-ffff0000002e","c10258a1-a0bb-4c53-a46d-0d4053ce5202"]
[debug] &amp#27;[35m[WD Proxy]&amp#27;[39m Matched '/element/00000000-0000-001f-ffff-ffff0000002e/attribute/displayed' to command name 'getAttribute'
[debug] &amp#27;[35m[WD Proxy]&amp#27;[39m Proxying [GET /element/00000000-0000-001f-ffff-ffff0000002e/attribute/displayed] to [GET http://127.0.0.1:8200/wd/hub/session/f4299f84-492a-4524-9d1a-809351120f60/element/00000000-0000-001f-ffff-ffff0000002e/attribute/displayed] with no body
[debug] &amp#27;[35m[WD Proxy]&amp#27;[39m Got response with status 200: {"sessionId":"f4299f84-492a-4524-9d1a-809351120f60","value":"true"}
[debug] &amp#27;[35m[W3C (c10258a1)]&amp#27;[39m Responding to client with driver.elementDisplayed() result: true
&amp#27;[35m[HTTP]&amp#27;[39m &amp#27;[37m<-- GET /wd/hub/session/c10258a1-a0bb-4c53-a46d-0d4053ce5202/element/00000000-0000-001f-ffff-ffff0000002e/displayed &amp#27;[39m&amp#27;[32m200&amp#27;[39m &amp#27;[90m8 ms - 14&amp#27;[39m
&amp#27;[35m[HTTP]&amp#27;[39m &amp#27;[90m&amp#27;[39m
&amp#27;[35m[HTTP]&amp#27;[39m &amp#27;[37m-->&amp#27;[39m &amp#27;[37mGET&amp#27;[39m &amp#27;[37m/wd/hub/session/c10258a1-a0bb-4c53-a46d-0d4053ce5202&amp#27;[39m
&amp#27;[35m[HTTP]&amp#27;[39m &amp#27;[90m{}&amp#27;[39m
[debug] &amp#27;[35m[W3C (c10258a1)]&amp#27;[39m Calling AppiumDriver.getSession() with args: ["c10258a1-a0bb-4c53-a46d-0d4053ce5202"]
[debug] &amp#27;[35m[UiAutomator2]&amp#27;[39m Getting session details from server to mix in
[debug] &amp#27;[35m[WD Proxy]&amp#27;[39m Matched '/' to command name 'getSession'
[debug] &amp#27;[35m[WD Proxy]&amp#27;[39m Proxying [GET /] to [GET http://127.0.0.1:8200/wd/hub/session/f4299f84-492a-4524-9d1a-809351120f60] with no body
[debug] &amp#27;[35m[WD Proxy]&amp#27;[39m Got response with status 200: {"sessionId":"f4299f84-492a-4524-9d1a-809351120f60","value":{"lastScrollData":null}}
[debug] &amp#27;[35m[W3C (c10258a1)]&amp#27;[39m Responding to client with driver.getSession() result: {"platform":"LINUX","webStorageEnabled":false,"takesScreenshot":true,"javascriptEnabled":true,"databaseEnabled":false,"networkConnectionEnabled":true,"locationContextEnabled":false,"warnings":{},"desired":{"platformName":"android","app":"./Test app/ApiDemos-debug.apk","appActivity":"io.appium.android.apis.ApiDemos","appPackage":"io.appium.android.apis","deviceName":"MyAndroid","platformVersion":"8.1.0"},"platformName":"android","app":"./Test app/ApiDemos-debug.apk","appActivity":"io.appium.android.apis.ApiDemos","appPackage":"io.appium.android.apis","deviceName":"emulator-5554","platformVersion":"8.1.0","deviceUDID":"emulator-5554","deviceApiLevel":27,"deviceScreenSize":"1080x1920","deviceScreenDensity":420,"deviceModel":"Android SDK built for x86","deviceManufacturer":"Google","pixelRatio":2.625,"statBarHeight":63,"viewportRect":{"left":0,"top":63,"width":1080,"height":1731},"lastScrollData":null}
&amp#27;[35m[HTTP]&amp#27;[39m &amp#27;[37m<-- GET /wd/hub/session/c10258a1-a0bb-4c53-a46d-0d4053ce5202 &amp#27;[39m&amp#27;[32m200&amp#27;[39m &amp#27;[90m6 ms - 921&amp#27;[39m
&amp#27;[35m[HTTP]&amp#27;[39m &amp#27;[90m&amp#27;[39m
&amp#27;[35m[HTTP]&amp#27;[39m &amp#27;[37m-->&amp#27;[39m &amp#27;[37mPOST&amp#27;[39m &amp#27;[37m/wd/hub/session/c10258a1-a0bb-4c53-a46d-0d4053ce5202/element&amp#27;[39m
&amp#27;[35m[HTTP]&amp#27;[39m &amp#27;[90m{"using":"xpath","value":"//android.widget.CheckBox[@content-desc=\"Custom Animations\"]"}&amp#27;[39m
[debug] &amp#27;[35m[W3C (c10258a1)]&amp#27;[39m Calling AppiumDriver.findElement() with args: ["xpath","//android.widget.CheckBox[@content-desc=\"Custom Animations\"]","c10258a1-a0bb-4c53-a46d-0d4053ce5202"]
[debug] &amp#27;[35m[BaseDriver]&amp#27;[39m Valid locator strategies for this request: xpath, id, class name, accessibility id, css selector, -android uiautomator
[debug] &amp#27;[35m[BaseDriver]&amp#27;[39m Waiting up to 0 ms for condition
[debug] &amp#27;[35m[WD Proxy]&amp#27;[39m Matched '/element' to command name 'findElement'
[debug] &amp#27;[35m[WD Proxy]&amp#27;[39m Proxying [POST /element] to [POST http://127.0.0.1:8200/wd/hub/session/f4299f84-492a-4524-9d1a-809351120f60/element] with body: {"strategy":"xpath","selector":"//android.widget.CheckBox[@content-desc=\"Custom Animations\"]","context":"","multiple":false}
[debug] &amp#27;[35m[WD Proxy]&amp#27;[39m Got response with status 200: {"sessionId":"f4299f84-492a-4524-9d1a-809351120f60","value":{"ELEMENT":"00000000-0000-001f-ffff-ffff0000002e","element-6066-11e4-a52e-4f735466cecf":"00000000-0000-001f-ffff-ffff0000002e"}}
[debug] &amp#27;[35m[W3C (c10258a1)]&amp#27;[39m Responding to client with driver.findElement() result: {"element-6066-11e4-a52e-4f735466cecf":"00000000-0000-001f-ffff-ffff0000002e","ELEMENT":"00000000-0000-001f-ffff-ffff0000002e"}
&amp#27;[35m[HTTP]&amp#27;[39m &amp#27;[37m<-- POST /wd/hub/session/c10258a1-a0bb-4c53-a46d-0d4053ce5202/element &amp#27;[39m&amp#27;[32m200&amp#27;[39m &amp#27;[90m54 ms - 137&amp#27;[39m
&amp#27;[35m[HTTP]&amp#27;[39m &amp#27;[90m&amp#27;[39m
&amp#27;[35m[HTTP]&amp#27;[39m &amp#27;[37m-->&amp#27;[39m &amp#27;[37mPOST&amp#27;[39m &amp#27;[37m/wd/hub/session/c10258a1-a0bb-4c53-a46d-0d4053ce5202/touch/perform&amp#27;[39m
&amp#27;[35m[HTTP]&amp#27;[39m &amp#27;[90m{"actions":[{"action":"tap","options":{"element":"00000000-0000-001f-ffff-ffff0000002e"}}]}&amp#27;[39m
[debug] &amp#27;[35m[W3C (c10258a1)]&amp#27;[39m Calling AppiumDriver.performTouch() with args: [[{"action":"tap","options":{"element":"00000000-0000-001f-ffff-ffff0000002e"}}],"c10258a1-a0bb-4c53-a46d-0d4053ce5202"]
&amp#27;[35m[UiAutomator2]&amp#27;[39m calling get location: 00000000-0000-001f-ffff-ffff0000002e
[debug] &amp#27;[35m[WD Proxy]&amp#27;[39m Matched '/element/00000000-0000-001f-ffff-ffff0000002e/location' to command name 'getLocation'
[debug] &amp#27;[35m[WD Proxy]&amp#27;[39m Proxying [GET /element/00000000-0000-001f-ffff-ffff0000002e/location] to [GET http://127.0.0.1:8200/wd/hub/session/f4299f84-492a-4524-9d1a-809351120f60/element/00000000-0000-001f-ffff-ffff0000002e/location] with no body
[debug] &amp#27;[35m[WD Proxy]&amp#27;[39m Got response with status 200: {"sessionId":"f4299f84-492a-4524-9d1a-809351120f60","value":{"x":0,"y":336}}
[debug] &amp#27;[35m[WD Proxy]&amp#27;[39m Matched '/element/00000000-0000-001f-ffff-ffff0000002e/size' to command name 'getSize'
[debug] &amp#27;[35m[WD Proxy]&amp#27;[39m Proxying [GET /element/00000000-0000-001f-ffff-ffff0000002e/size] to [GET http://127.0.0.1:8200/wd/hub/session/f4299f84-492a-4524-9d1a-809351120f60/element/00000000-0000-001f-ffff-ffff0000002e/size] with no body
[debug] &amp#27;[35m[WD Proxy]&amp#27;[39m Got response with status 200: {"sessionId":"f4299f84-492a-4524-9d1a-809351120f60","value":{"height":84,"width":407}}
[debug] &amp#27;[35m[WD Proxy]&amp#27;[39m Proxying [POST /appium/tap] to [POST http://127.0.0.1:8200/wd/hub/session/f4299f84-492a-4524-9d1a-809351120f60/appium/tap] with body: {"x":203.5,"y":378,"undefined":null}
[debug] &amp#27;[35m[WD Proxy]&amp#27;[39m Got response with status 200: {"sessionId":"f4299f84-492a-4524-9d1a-809351120f60","value":null}
[debug] &amp#27;[35m[W3C (c10258a1)]&amp#27;[39m Responding to client with driver.performTouch() result: null
&amp#27;[35m[HTTP]&amp#27;[39m &amp#27;[37m<-- POST /wd/hub/session/c10258a1-a0bb-4c53-a46d-0d4053ce5202/touch/perform &amp#27;[39m&amp#27;[32m200&amp#27;[39m &amp#27;[90m147 ms - 14&amp#27;[39m
&amp#27;[35m[HTTP]&amp#27;[39m &amp#27;[90m&amp#27;[39m
&amp#27;[35m[HTTP]&amp#27;[39m &amp#27;[37m-->&amp#27;[39m &amp#27;[37mGET&amp#27;[39m &amp#27;[37m/wd/hub/session/c10258a1-a0bb-4c53-a46d-0d4053ce5202&amp#27;[39m
&amp#27;[35m[HTTP]&amp#27;[39m &amp#27;[90m{}&amp#27;[39m
[debug] &amp#27;[35m[W3C (c10258a1)]&amp#27;[39m Calling AppiumDriver.getSession() with args: ["c10258a1-a0bb-4c53-a46d-0d4053ce5202"]
[debug] &amp#27;[35m[UiAutomator2]&amp#27;[39m Getting session details from server to mix in
[debug] &amp#27;[35m[WD Proxy]&amp#27;[39m Matched '/' to command name 'getSession'
[debug] &amp#27;[35m[WD Proxy]&amp#27;[39m Proxying [GET /] to [GET http://127.0.0.1:8200/wd/hub/session/f4299f84-492a-4524-9d1a-809351120f60] with no body
[debug] &amp#27;[35m[WD Proxy]&amp#27;[39m Got response with status 200: {"sessionId":"f4299f84-492a-4524-9d1a-809351120f60","value":{"lastScrollData":null}}
[debug] &amp#27;[35m[W3C (c10258a1)]&amp#27;[39m Responding to client with driver.getSession() result: {"platform":"LINUX","webStorageEnabled":false,"takesScreenshot":true,"javascriptEnabled":true,"databaseEnabled":false,"networkConnectionEnabled":true,"locationContextEnabled":false,"warnings":{},"desired":{"platformName":"android","app":"./Test app/ApiDemos-debug.apk","appActivity":"io.appium.android.apis.ApiDemos","appPackage":"io.appium.android.apis","deviceName":"MyAndroid","platformVersion":"8.1.0"},"platformName":"android","app":"./Test app/ApiDemos-debug.apk","appActivity":"io.appium.android.apis.ApiDemos","appPackage":"io.appium.android.apis","deviceName":"emulator-5554","platformVersion":"8.1.0","deviceUDID":"emulator-5554","deviceApiLevel":27,"deviceScreenSize":"1080x1920","deviceScreenDensity":420,"deviceModel":"Android SDK built for x86","deviceManufacturer":"Google","pixelRatio":2.625,"statBarHeight":63,"viewportRect":{"left":0,"top":63,"width":1080,"height":1731},"lastScrollData":null}
&amp#27;[35m[HTTP]&amp#27;[39m &amp#27;[37m<-- GET /wd/hub/session/c10258a1-a0bb-4c53-a46d-0d4053ce5202 &amp#27;[39m&amp#27;[32m200&amp#27;[39m &amp#27;[90m11 ms - 921&amp#27;[39m
&amp#27;[35m[HTTP]&amp#27;[39m &amp#27;[90m&amp#27;[39m
&amp#27;[35m[HTTP]&amp#27;[39m &amp#27;[37m-->&amp#27;[39m &amp#27;[37mGET&amp#27;[39m &amp#27;[37m/wd/hub/session/c10258a1-a0bb-4c53-a46d-0d4053ce5202&amp#27;[39m
&amp#27;[35m[HTTP]&amp#27;[39m &amp#27;[90m{}&amp#27;[39m
[debug] &amp#27;[35m[W3C (c10258a1)]&amp#27;[39m Calling AppiumDriver.getSession() with args: ["c10258a1-a0bb-4c53-a46d-0d4053ce5202"]
[debug] &amp#27;[35m[UiAutomator2]&amp#27;[39m Getting session details from server to mix in
[debug] &amp#27;[35m[WD Proxy]&amp#27;[39m Matched '/' to command name 'getSession'
[debug] &amp#27;[35m[WD Proxy]&amp#27;[39m Proxying [GET /] to [GET http://127.0.0.1:8200/wd/hub/session/f4299f84-492a-4524-9d1a-809351120f60] with no body
[debug] &amp#27;[35m[WD Proxy]&amp#27;[39m Got response with status 200: {"sessionId":"f4299f84-492a-4524-9d1a-809351120f60","value":{"lastScrollData":null}}
[...]
[debug] &amp#27;[35m[WD Proxy]&amp#27;[39m Matched '/' to command name 'getSession'
[debug] &amp#27;[35m[WD Proxy]&amp#27;[39m Proxying [GET /] to [GET http://127.0.0.1:8200/wd/hub/session/f4299f84-492a-4524-9d1a-809351120f60] with no body
[debug] &amp#27;[35m[WD Proxy]&amp#27;[39m Got response with status 200: {"sessionId":"f4299f84-492a-4524-9d1a-809351120f60","value":{"lastScrollData":null}}
[debug] &amp#27;[35m[W3C (c10258a1)]&amp#27;[39m Responding to client with driver.getSession() result: {"platform":"LINUX","webStorageEnabled":false,"takesScreenshot":true,"javascriptEnabled":true,"databaseEnabled":false,"networkConnectionEnabled":true,"locationContextEnabled":false,"warnings":{},"desired":{"platformName":"android","app":"./Test app/ApiDemos-debug.apk","appActivity":"io.appium.android.apis.ApiDemos","appPackage":"io.appium.android.apis","deviceName":"MyAndroid","platformVersion":"8.1.0"},"platformName":"android","app":"./Test app/ApiDemos-debug.apk","appActivity":"io.appium.android.apis.ApiDemos","appPackage":"io.appium.android.apis","deviceName":"emulator-5554","platformVersion":"8.1.0","deviceUDID":"emulator-5554","deviceApiLevel":27,"deviceScreenSize":"1080x1920","deviceScreenDensity":420,"deviceModel":"Android SDK built for x86","deviceManufacturer":"Google","pixelRatio":2.625,"statBarHeight":63,"viewportRect":{"left":0,"top":63,"width":1080,"height":1731},"lastScrollData":null}
&amp#27;[35m[HTTP]&amp#27;[39m &amp#27;[37m<-- GET /wd/hub/session/c10258a1-a0bb-4c53-a46d-0d4053ce5202 &amp#27;[39m&amp#27;[32m200&amp#27;[39m &amp#27;[90m13 ms - 921&amp#27;[39m
&amp#27;[35m[HTTP]&amp#27;[39m &amp#27;[90m&amp#27;[39m
&amp#27;[35m[HTTP]&amp#27;[39m &amp#27;[37m-->&amp#27;[39m &amp#27;[37mGET&amp#27;[39m &amp#27;[37m/wd/hub/session/c10258a1-a0bb-4c53-a46d-0d4053ce5202&amp#27;[39m
&amp#27;[35m[HTTP]&amp#27;[39m &amp#27;[90m{}&amp#27;[39m
[debug] &amp#27;[35m[W3C (c10258a1)]&amp#27;[39m Calling AppiumDriver.getSession() with args: ["c10258a1-a0bb-4c53-a46d-0d4053ce5202"]
[debug] &amp#27;[35m[UiAutomator2]&amp#27;[39m Getting session details from server to mix in
[debug] &amp#27;[35m[WD Proxy]&amp#27;[39m Matched '/' to command name 'getSession'
[debug] &amp#27;[35m[WD Proxy]&amp#27;[39m Proxying [GET /] to [GET http://127.0.0.1:8200/wd/hub/session/f4299f84-492a-4524-9d1a-809351120f60] with no body
[debug] &amp#27;[35m[WD Proxy]&amp#27;[39m Got response with status 200: {"sessionId":"f4299f84-492a-4524-9d1a-809351120f60","value":{"lastScrollData":null}}
[debug] &amp#27;[35m[W3C (c10258a1)]&amp#27;[39m Responding to client with driver.getSession() result: {"platform":"LINUX","webStorageEnabled":false,"takesScreenshot":true,"javascriptEnabled":true,"databaseEnabled":false,"networkConnectionEnabled":true,"locationContextEnabled":false,"warnings":{},"desired":{"platformName":"android","app":"./Test app/ApiDemos-debug.apk","appActivity":"io.appium.android.apis.ApiDemos","appPackage":"io.appium.android.apis","deviceName":"MyAndroid","platformVersion":"8.1.0"},"platformName":"android","app":"./Test app/ApiDemos-debug.apk","appActivity":"io.appium.android.apis.ApiDemos","appPackage":"io.appium.android.apis","deviceName":"emulator-5554","platformVersion":"8.1.0","deviceUDID":"emulator-5554","deviceApiLevel":27,"deviceScreenSize":"1080x1920","deviceScreenDensity":420,"deviceModel":"Android SDK built for x86","deviceManufacturer":"Google","pixelRatio":2.625,"statBarHeight":63,"viewportRect":{"left":0,"top":63,"width":1080,"height":1731},"lastScrollData":null}
&amp#27;[35m[HTTP]&amp#27;[39m &amp#27;[37m<-- GET /wd/hub/session/c10258a1-a0bb-4c53-a46d-0d4053ce5202 &amp#27;[39m&amp#27;[32m200&amp#27;[39m &amp#27;[90m14 ms - 921&amp#27;[39m
&amp#27;[35m[HTTP]&amp#27;[39m &amp#27;[90m&amp#27;[39m
&amp#27;[35m[HTTP]&amp#27;[39m &amp#27;[37m-->&amp#27;[39m &amp#27;[37mPOST&amp#27;[39m &amp#27;[37m/wd/hub/session/c10258a1-a0bb-4c53-a46d-0d4053ce5202/elements&amp#27;[39m
&amp#27;[35m[HTTP]&amp#27;[39m &amp#27;[90m{"using":"xpath","value":"/hierarchy/android.widget.FrameLayout/android.view.ViewGroup/android.widget.FrameLayout[2]/android.widget.LinearLayout/android.widget.LinearLayout[3]/android.widget.Button[1]"}&amp#27;[39m
[debug] &amp#27;[35m[W3C (c10258a1)]&amp#27;[39m Calling AppiumDriver.findElements() with args: ["xpath","/hierarchy/android.widget.FrameLayout/android.view.ViewGroup/android.widget.FrameLayout[2]/android.widget.LinearLayout/android.widget.LinearLayout[3]/android.widget.Button[1]","c10258a1-a0bb-4c53-a46d-0d4053ce5202"]
[debug] &amp#27;[35m[BaseDriver]&amp#27;[39m Valid locator strategies for this request: xpath, id, class name, accessibility id, css selector, -android uiautomator
[debug] &amp#27;[35m[BaseDriver]&amp#27;[39m Waiting up to 0 ms for condition
[debug] &amp#27;[35m[WD Proxy]&amp#27;[39m Matched '/elements' to command name 'findElements'
[debug] &amp#27;[35m[WD Proxy]&amp#27;[39m Proxying [POST /elements] to [POST http://127.0.0.1:8200/wd/hub/session/f4299f84-492a-4524-9d1a-809351120f60/elements] with body: {"strategy":"xpath","selector":"/hierarchy/android.widget.FrameLayout/android.view.ViewGroup/android.widget.FrameLayout[2]/android.widget.LinearLayout/android.widget.LinearLayout[3]/android.widget.Button[1]","context":"","multiple":true}
[debug] &amp#27;[35m[WD Proxy]&amp#27;[39m Got response with status 200: {"sessionId":"f4299f84-492a-4524-9d1a-809351120f60","value":[{"ELEMENT":"00000000-0000-001f-ffff-ffff00000033","element-6066-11e4-a52e-4f735466cecf":"00000000-0000-001f-ffff-ffff00000033"}]}
[debug] &amp#27;[35m[W3C (c10258a1)]&amp#27;[39m Responding to client with driver.findElements() result: [{"element-6066-11e4-a52e-4f735466cecf":"00000000-0000-001f-ffff-ffff00000033","ELEMENT":"00000000-0000-001f-ffff-ffff00000033"}]
&amp#27;[35m[HTTP]&amp#27;[39m &amp#27;[37m<-- POST /wd/hub/session/c10258a1-a0bb-4c53-a46d-0d4053ce5202/elements &amp#27;[39m&amp#27;[32m200&amp#27;[39m &amp#27;[90m48 ms - 139&amp#27;[39m
&amp#27;[35m[HTTP]&amp#27;[39m &amp#27;[90m&amp#27;[39m
&amp#27;[35m[HTTP]&amp#27;[39m &amp#27;[37m-->&amp#27;[39m &amp#27;[37mGET&amp#27;[39m &amp#27;[37m/wd/hub/session/c10258a1-a0bb-4c53-a46d-0d4053ce5202/element/00000000-0000-001f-ffff-ffff00000033/displayed&amp#27;[39m
&amp#27;[35m[HTTP]&amp#27;[39m &amp#27;[90m{}&amp#27;[39m
[debug] &amp#27;[35m[W3C (c10258a1)]&amp#27;[39m Calling AppiumDriver.elementDisplayed() with args: ["00000000-0000-001f-ffff-ffff00000033","c10258a1-a0bb-4c53-a46d-0d4053ce5202"]
[debug] &amp#27;[35m[WD Proxy]&amp#27;[39m Matched '/element/00000000-0000-001f-ffff-ffff00000033/attribute/displayed' to command name 'getAttribute'
[debug] &amp#27;[35m[WD Proxy]&amp#27;[39m Proxying [GET /element/00000000-0000-001f-ffff-ffff00000033/attribute/displayed] to [GET http://127.0.0.1:8200/wd/hub/session/f4299f84-492a-4524-9d1a-809351120f60/element/00000000-0000-001f-ffff-ffff00000033/attribute/displayed] with no body
[debug] &amp#27;[35m[WD Proxy]&amp#27;[39m Got response with status 200: {"sessionId":"f4299f84-492a-4524-9d1a-809351120f60","value":"true"}
[debug] &amp#27;[35m[W3C (c10258a1)]&amp#27;[39m Responding to client with driver.elementDisplayed() result: true
&amp#27;[35m[HTTP]&amp#27;[39m &amp#27;[37m<-- GET /wd/hub/session/c10258a1-a0bb-4c53-a46d-0d4053ce5202/element/00000000-0000-001f-ffff-ffff00000033/displayed &amp#27;[39m&amp#27;[32m200&amp#27;[39m &amp#27;[90m1020 ms - 14&amp#27;[39m
&amp#27;[35m[HTTP]&amp#27;[39m &amp#27;[90m&amp#27;[39m
&amp#27;[35m[HTTP]&amp#27;[39m &amp#27;[37m-->&amp#27;[39m &amp#27;[37mGET&amp#27;[39m &amp#27;[37m/wd/hub/session/c10258a1-a0bb-4c53-a46d-0d4053ce5202&amp#27;[39m
&amp#27;[35m[HTTP]&amp#27;[39m &amp#27;[90m{}&amp#27;[39m
[debug] &amp#27;[35m[W3C (c10258a1)]&amp#27;[39m Calling AppiumDriver.getSession() with args: ["c10258a1-a0bb-4c53-a46d-0d4053ce5202"]
[debug] &amp#27;[35m[UiAutomator2]&amp#27;[39m Getting session details from server to mix in
[debug] &amp#27;[35m[WD Proxy]&amp#27;[39m Matched '/' to command name 'getSession'
[debug] &amp#27;[35m[WD Proxy]&amp#27;[39m Proxying [GET /] to [GET http://127.0.0.1:8200/wd/hub/session/f4299f84-492a-4524-9d1a-809351120f60] with no body
[debug] &amp#27;[35m[WD Proxy]&amp#27;[39m Got response with status 200: {"sessionId":"f4299f84-492a-4524-9d1a-809351120f60","value":{"lastScrollData":null}}
[debug] &amp#27;[35m[W3C (c10258a1)]&amp#27;[39m Responding to client with driver.getSession() result: {"platform":"LINUX","webStorageEnabled":false,"takesScreenshot":true,"javascriptEnabled":true,"databaseEnabled":false,"networkConnectionEnabled":true,"locationContextEnabled":false,"warnings":{},"desired":{"platformName":"android","app":"./Test app/ApiDemos-debug.apk","appActivity":"io.appium.android.apis.ApiDemos","appPackage":"io.appium.android.apis","deviceName":"MyAndroid","platformVersion":"8.1.0"},"platformName":"android","app":"./Test app/ApiDemos-debug.apk","appActivity":"io.appium.android.apis.ApiDemos","appPackage":"io.appium.android.apis","deviceName":"emulator-5554","platformVersion":"8.1.0","deviceUDID":"emulator-5554","deviceApiLevel":27,"deviceScreenSize":"1080x1920","deviceScreenDensity":420,"deviceModel":"Android SDK built for x86","deviceManufacturer":"Google","pixelRatio":2.625,"statBarHeight":63,"viewportRect":{"left":0,"top":63,"width":1080,"height":1731},"lastScrollData":null}
&amp#27;[35m[HTTP]&amp#27;[39m &amp#27;[37m<-- GET /wd/hub/session/c10258a1-a0bb-4c53-a46d-0d4053ce5202 &amp#27;[39m&amp#27;[32m200&amp#27;[39m &amp#27;[90m12 ms - 921&amp#27;[39m
&amp#27;[35m[HTTP]&amp#27;[39m &amp#27;[90m&amp#27;[39m
&amp#27;[35m[HTTP]&amp#27;[39m &amp#27;[37m-->&amp#27;[39m &amp#27;[37mPOST&amp#27;[39m &amp#27;[37m/wd/hub/session/c10258a1-a0bb-4c53-a46d-0d4053ce5202/element&amp#27;[39m
&amp#27;[35m[HTTP]&amp#27;[39m &amp#27;[90m{"using":"xpath","value":"/hierarchy/android.widget.FrameLayout/android.view.ViewGroup/android.widget.FrameLayout[2]/android.widget.LinearLayout/android.widget.LinearLayout[3]/android.widget.Button[1]"}&amp#27;[39m
[debug] &amp#27;[35m[W3C (c10258a1)]&amp#27;[39m Calling AppiumDriver.findElement() with args: ["xpath","/hierarchy/android.widget.FrameLayout/android.view.ViewGroup/android.widget.FrameLayout[2]/android.widget.LinearLayout/android.widget.LinearLayout[3]/android.widget.Button[1]","c10258a1-a0bb-4c53-a46d-0d4053ce5202"]
[debug] &amp#27;[35m[BaseDriver]&amp#27;[39m Valid locator strategies for this request: xpath, id, class name, accessibility id, css selector, -android uiautomator
[debug] &amp#27;[35m[BaseDriver]&amp#27;[39m Waiting up to 0 ms for condition
[debug] &amp#27;[35m[WD Proxy]&amp#27;[39m Matched '/element' to command name 'findElement'
[debug] &amp#27;[35m[WD Proxy]&amp#27;[39m Proxying [POST /element] to [POST http://127.0.0.1:8200/wd/hub/session/f4299f84-492a-4524-9d1a-809351120f60/element] with body: {"strategy":"xpath","selector":"/hierarchy/android.widget.FrameLayout/android.view.ViewGroup/android.widget.FrameLayout[2]/android.widget.LinearLayout/android.widget.LinearLayout[3]/android.widget.Button[1]","context":"","multiple":false}
[debug] &amp#27;[35m[WD Proxy]&amp#27;[39m Got response with status 200: {"sessionId":"f4299f84-492a-4524-9d1a-809351120f60","value":{"ELEMENT":"00000000-0000-001f-ffff-ffff00000033","element-6066-11e4-a52e-4f735466cecf":"00000000-0000-001f-ffff-ffff00000033"}}
[debug] &amp#27;[35m[W3C (c10258a1)]&amp#27;[39m Responding to client with driver.findElement() result: {"element-6066-11e4-a52e-4f735466cecf":"00000000-0000-001f-ffff-ffff00000033","ELEMENT":"00000000-0000-001f-ffff-ffff00000033"}
&amp#27;[35m[HTTP]&amp#27;[39m &amp#27;[37m<-- POST /wd/hub/session/c10258a1-a0bb-4c53-a46d-0d4053ce5202/element &amp#27;[39m&amp#27;[32m200&amp#27;[39m &amp#27;[90m49 ms - 137&amp#27;[39m
&amp#27;[35m[HTTP]&amp#27;[39m &amp#27;[90m&amp#27;[39m
&amp#27;[35m[HTTP]&amp#27;[39m &amp#27;[37m-->&amp#27;[39m &amp#27;[37mPOST&amp#27;[39m &amp#27;[37m/wd/hub/session/c10258a1-a0bb-4c53-a46d-0d4053ce5202/touch/perform&amp#27;[39m
&amp#27;[35m[HTTP]&amp#27;[39m &amp#27;[90m{"actions":[{"action":"tap","options":{"element":"00000000-0000-001f-ffff-ffff00000033"}}]}&amp#27;[39m
[debug] &amp#27;[35m[W3C (c10258a1)]&amp#27;[39m Calling AppiumDriver.performTouch() with args: [[{"action":"tap","options":{"element":"00000000-0000-001f-ffff-ffff00000033"}}],"c10258a1-a0bb-4c53-a46d-0d4053ce5202"]
&amp#27;[35m[UiAutomator2]&amp#27;[39m calling get location: 00000000-0000-001f-ffff-ffff00000033
[debug] &amp#27;[35m[WD Proxy]&amp#27;[39m Matched '/element/00000000-0000-001f-ffff-ffff00000033/location' to command name 'getLocation'
[debug] &amp#27;[35m[WD Proxy]&amp#27;[39m Proxying [GET /element/00000000-0000-001f-ffff-ffff00000033/location] to [GET http://127.0.0.1:8200/wd/hub/session/f4299f84-492a-4524-9d1a-809351120f60/element/00000000-0000-001f-ffff-ffff00000033/location] with no body
[debug] &amp#27;[35m[WD Proxy]&amp#27;[39m Got response with status 200: {"sessionId":"f4299f84-492a-4524-9d1a-809351120f60","value":{"x":0,"y":420}}
[debug] &amp#27;[35m[WD Proxy]&amp#27;[39m Matched '/element/00000000-0000-001f-ffff-ffff00000033/size' to command name 'getSize'
[debug] &amp#27;[35m[WD Proxy]&amp#27;[39m Proxying [GET /element/00000000-0000-001f-ffff-ffff00000033/size] to [GET http://127.0.0.1:8200/wd/hub/session/f4299f84-492a-4524-9d1a-809351120f60/element/00000000-0000-001f-ffff-ffff00000033/size] with no body
[debug] &amp#27;[35m[WD Proxy]&amp#27;[39m Got response with status 200: {"sessionId":"f4299f84-492a-4524-9d1a-809351120f60","value":{"height":126,"width":231}}
[debug] &amp#27;[35m[WD Proxy]&amp#27;[39m Proxying [POST /appium/tap] to [POST http://127.0.0.1:8200/wd/hub/session/f4299f84-492a-4524-9d1a-809351120f60/appium/tap] with body: {"x":115.5,"y":483,"undefined":null}
[debug] &amp#27;[35m[WD Proxy]&amp#27;[39m Got response with status 200: {"sessionId":"f4299f84-492a-4524-9d1a-809351120f60","value":null}
[debug] &amp#27;[35m[W3C (c10258a1)]&amp#27;[39m Responding to client with driver.performTouch() result: null
&amp#27;[35m[HTTP]&amp#27;[39m &amp#27;[37m<-- POST /wd/hub/session/c10258a1-a0bb-4c53-a46d-0d4053ce5202/touch/perform &amp#27;[39m&amp#27;[32m200&amp#27;[39m &amp#27;[90m137 ms - 14&amp#27;[39m
&amp#27;[35m[HTTP]&amp#27;[39m &amp#27;[90m&amp#27;[39m
&amp#27;[35m[HTTP]&amp#27;[39m &amp#27;[37m-->&amp#27;[39m &amp#27;[37mGET&amp#27;[39m &amp#27;[37m/wd/hub/session/c10258a1-a0bb-4c53-a46d-0d4053ce5202/screenshot&amp#27;[39m
&amp#27;[35m[HTTP]&amp#27;[39m &amp#27;[90m{}&amp#27;[39m
[debug] &amp#27;[35m[W3C (c10258a1)]&amp#27;[39m Calling AppiumDriver.getScreenshot() with args: ["c10258a1-a0bb-4c53-a46d-0d4053ce5202"]
[debug] &amp#27;[35m[WD Proxy]&amp#27;[39m Matched '/screenshot' to command name 'getScreenshot'
[debug] &amp#27;[35m[WD Proxy]&amp#27;[39m Proxying [GET /screenshot] to [GET http://127.0.0.1:8200/wd/hub/session/f4299f84-492a-4524-9d1a-809351120f60/screenshot] with no body
[debug] &amp#27;[35m[WD Proxy]&amp#27;[39m Got response with status 200: {"sessionId":"f4299f84-492a-4524-9d1a-809351120f60","value":"iVBORw0KGgoAAAANSUhEUgAABDgAAAeACAYAAAArYecKAAAABHNCSVQICAgIfAhkiAAAIABJREFU\neJzs3Xd4FNX6B/DvbEmvEFJIgyRASEKVYpAOkiBdqvXSxQJSxIY0uXoFBGkKiopyr1cERFDpvRgQ\nUeSaBKSEEiBAQnrf9vuDZ/dH2NnN7mZLNnw/z8OjOTNz5mx2dnPmnXPeIwDQgIiIiIiIiIjIiUkc\n3QAiIiIiIiIioppigIOIiIiIiIiInB4DHERERERERETk9BjgICIiIiIiIiKnxwAHERERERERETk9\nBjiIiIiIiIiIyOkxwEFERERERERETo8BDiIiIiIiIiJyejJHN4DsRxAEeHp6Ij4+HsnJyejbty/C\nw8NF99VoNEhLS8PWrVtx6NAhZGRkoLKyEhqNxs6tJiIiIiIiIqqeAIB3rHWYIAgAgGbNmmHhwoV4\n5JFHAAASiWmDd7QBDaVSiR07dmDWrFnIy8tjoIOIiIiIiIhqlYc6wCEIAmQyGWQy8YEsGo0GSqUS\nSqXSzi2zDkEQEB0djR07dsDDw8PkoIYxKpUKOTk5eOSRR6BWq63QSvsTBEH0d6FSqRzQGvvSvnYX\nFxeLjtdoNKisrHTa956IiIiIiOquh3aKina6Rtu2bREQECC6j0qlwvXr13HmzBmnC3L4+vpi3bp1\n6NChg1UCG1pSqRQNGjTAo48+ipSUFKvVa0uCIOiCWVKpFDKZDJ6enpDJZBAEARqNBiqVCoWFhVCr\n1VCpVFAqlXXuJl4QBLi6uqJp06aIiYmxqA6FQoGMjAxkZ2cjNzfX6T4XREREdVF8fDx8fHxQWFiI\ntLQ0RzeH6picnByT9jN0T0VkTw9tgEMmk6Ft27bYsGGD0f2uX7+OYcOG4dq1a3ZqWc0IgoDOnTvj\nyy+/hKenp83O8eqrr+L48eO6...
[debug] &amp#27;[35m[W3C (c10258a1)]&amp#27;[39m Responding to client with driver.getScreenshot() result: "iVBORw0KGgoAAAANSUhEUgAABDgAAAeACAYAAAArYecKAAAABHNCSVQICAgIfAhkiAAAIABJREFU\neJzs3Xd4FNX6B/DvbEmvEFJIgyRASEKVYpAOkiBdqvXSxQJSxIY0uXoFBGkKiopyr1cERFDpvRgQ\nUeSaBKSEEiBAQnrf9vuDZ/dH2NnN7mZLNnw/z8OjOTNz5mx2dnPmnXPeIwDQgIiIiIiIiIjIiUkc\n3QAiIiIiIiIioppigIOIiIiIiIiInB4DHERERERERETk9BjgICIiIiIiIiKnxwAHERERERERETk9\nBjiIiIiIiIiIyOkxwEFERERERERETo8BDiIiIiIiIiJyejJHN4DsRxAEeHp6Ij4+HsnJyejbty/C\nw8NF99VoNEhLS8PWrVtx6NAhZGRkoLKyEhqNxs6tJiIiIiIiIqqeAIB3rHWYIAgAgGbNmmHhwoV4\n5JFHAAASiWmDd7QBDaVSiR07dmDWrFnIy8tjoIOIiIiIiIhqlYc6wCEIAmQyGWQy8YEsGo0GSqUS\nSqXSzi2zDkEQEB0djR07dsDDw8PkoIYxKpUKOTk5eOSRR6BWq63QSvsTBEH0d6FSqRzQGvvSvnYX\nFxeLjtdoNKisrHTa956IiIiIiOquh3aKina6Rtu2bREQECC6j0qlwvXr13HmzBmnC3L4+vpi3bp1\n6NChg1UCG1pSqRQNGjTAo48+ipSUFKvVa0uCIOiCWVKpFDKZDJ6enpDJZBAEARqNBiqVCoWFhVCr\n1VCpVFAqlXXuJl4QBLi6uqJp06aIiYmxqA6FQoGMjAxkZ2cjNzfX6T4XREREdVF8fDx8fHxQWFiI\ntLQ0RzeH6picnByT9jN0T0VkTw9tgEMmk6Ft27bYsGGD0f2uX7+OYcOG4dq1a3ZqWc0IgoDOnTvj\nyy+/hKenp83O8eqrr+L48eO6qSraQEFtIggCpFIpXFxc4O3tjaCgIPj5+cHHxwfAvWvAy8sLJSUl\nUCgUUK...
&amp#27;[35m[HTTP]&amp#27;[39m &amp#27;[37m<-- GET /wd/hub/session/c10258a1-a0bb-4c53-a46d-0d4053ce5202/screenshot &amp#27;[39m&amp#27;[32m200&amp#27;[39m &amp#27;[90m243 ms - 80340&amp#27;[39m
&amp#27;[35m[HTTP]&amp#27;[39m &amp#27;[90m&amp#27;[39m
&amp#27;[35m[HTTP]&amp#27;[39m &amp#27;[37m-->&amp#27;[39m &amp#27;[37mDELETE&amp#27;[39m &amp#27;[37m/wd/hub/session/c10258a1-a0bb-4c53-a46d-0d4053ce5202&amp#27;[39m
&amp#27;[35m[HTTP]&amp#27;[39m &amp#27;[90m{}&amp#27;[39m
[debug] &amp#27;[35m[W3C (c10258a1)]&amp#27;[39m Calling AppiumDriver.deleteSession() with args: ["c10258a1-a0bb-4c53-a46d-0d4053ce5202"]
[debug] &amp#27;[35m[BaseDriver]&amp#27;[39m Event 'quitSessionRequested' logged at 1647884349611 (23:09:09 GMT+0530 (India Standard Time))
&amp#27;[35m[Appium]&amp#27;[39m Removing session c10258a1-a0bb-4c53-a46d-0d4053ce5202 from our master session list
[debug] &amp#27;[35m[UiAutomator2]&amp#27;[39m Deleting UiAutomator2 session
[debug] &amp#27;[35m[UiAutomator2]&amp#27;[39m Deleting UiAutomator2 server session
[debug] &amp#27;[35m[WD Proxy]&amp#27;[39m Matched '/' to command name 'deleteSession'
[debug] &amp#27;[35m[WD Proxy]&amp#27;[39m Proxying [DELETE /] to [DELETE http://127.0.0.1:8200/wd/hub/session/f4299f84-492a-4524-9d1a-809351120f60] with no body
[debug] &amp#27;[35m[WD Proxy]&amp#27;[39m Got response with status 200: {"sessionId":"f4299f84-492a-4524-9d1a-809351120f60","value":null}
[debug] &amp#27;[35m[ADB]&amp#27;[39m Running 'C:\Users\ankitpandey02\AppData\Local\Android\Sdk\platform-tools\adb.exe -P 5037 -s emulator-5554 shell am force-stop io.appium.android.apis'
[debug] &amp#27;[35m[Logcat]&amp#27;[39m Stopping logcat capture
[debug] &amp#27;[35m[ADB]&amp#27;[39m Removing forwarded port socket connection: 8200 
[debug] &amp#27;[35m[ADB]&amp#27;[39m Running 'C:\Users\ankitpandey02\AppData\Local\Android\Sdk\platform-tools\adb.exe -P 5037 -s emulator-5554 forward --remove tcp:8200'
[debug] &amp#27;[35m[BaseDriver]&amp#27;[39m Event 'quitSessionFinished' logged at 1647884349876 (23:09:09 GMT+0530 (India Standard Time))
[debug] &amp#27;[35m[W3C (c10258a1)]&amp#27;[39m Received response: null
[debug] &amp#27;[35m[W3C (c10258a1)]&amp#27;[39m But deleting session, so not returning
[debug] &amp#27;[35m[W3C (c10258a1)]&amp#27;[39m Responding to client with driver.deleteSession() result: null
&amp#27;[35m[HTTP]&amp#27;[39m &amp#27;[37m<-- DELETE /wd/hub/session/c10258a1-a0bb-4c53-a46d-0d4053ce5202 &amp#27;[39m&amp#27;[32m200&amp#27;[39m &amp#27;[90m267 ms - 14&amp#27;[39m
&amp#27;[35m[HTTP]&amp#27;[39m &amp#27;[90m&amp#27;[39m
]]></system-out>
    <system-err><![CDATA[Mar 21, 2022 11:08:59 PM io.appium.java_client.remote.AppiumCommandExecutor$1 lambda$0
INFO: Detected dialect: W3C
]]></system-err>
  </testcase>
</testsuite>